<?xml version="1.0" encoding="UTF-8"?>
<testsuite name="jpabook.jpashop.MemberRepositoryTest" tests="1" skipped="0" failures="0" errors="0" timestamp="2023-09-27T00:32:53" hostname="Macui-iMac.local" time="0.551">
  <properties/>
  <testcase name="testMember()" classname="jpabook.jpashop.MemberRepositoryTest" time="0.551"/>
  <system-out><![CDATA[09:32:50.115 [Test worker] INFO org.springframework.test.context.support.AnnotationConfigContextLoaderUtils -- Could not detect default configuration classes for test class [jpabook.jpashop.MemberRepositoryTest]: MemberRepositoryTest does not declare any static, non-private, non-final, nested classes annotated with @Configuration.
09:32:50.221 [Test worker] INFO org.springframework.boot.test.context.SpringBootTestContextBootstrapper -- Found @SpringBootConfiguration jpabook.jpashop.JpashopApplication for test class jpabook.jpashop.MemberRepositoryTest

  .   ____          _            __ _ _
 /\\ / ___'_ __ _ _(_)_ __  __ _ \ \ \ \
( ( )\___ | '_ | '_| | '_ \/ _` | \ \ \ \
 \\/  ___)| |_)| | | | | || (_| |  ) ) ) )
  '  |____| .__|_| |_|_| |_\__, | / / / /
 =========|_|==============|___/=/_/_/_/
 :: Spring Boot ::                (v3.1.3)

2023-09-27T09:32:50.586+09:00  INFO 66671 --- [    Test worker] jpabook.jpashop.MemberRepositoryTest     : Starting MemberRepositoryTest using Java 19.0.2 with PID 66671 (started by mac in /Users/mac/Desktop/개인/jpashop)
2023-09-27T09:32:50.587+09:00  INFO 66671 --- [    Test worker] jpabook.jpashop.MemberRepositoryTest     : No active profile set, falling back to 1 default profile: "default"
2023-09-27T09:32:51.102+09:00  INFO 66671 --- [    Test worker] .s.d.r.c.RepositoryConfigurationDelegate : Bootstrapping Spring Data JPA repositories in DEFAULT mode.
2023-09-27T09:32:51.118+09:00  INFO 66671 --- [    Test worker] .s.d.r.c.RepositoryConfigurationDelegate : Finished Spring Data repository scanning in 10 ms. Found 0 JPA repository interfaces.
2023-09-27T09:32:51.547+09:00  INFO 66671 --- [    Test worker] o.hibernate.jpa.internal.util.LogHelper  : HHH000204: Processing PersistenceUnitInfo [name: default]
2023-09-27T09:32:51.587+09:00  INFO 66671 --- [    Test worker] org.hibernate.Version                    : HHH000412: Hibernate ORM core version 6.2.7.Final
2023-09-27T09:32:51.589+09:00  INFO 66671 --- [    Test worker] org.hibernate.cfg.Environment            : HHH000406: Using bytecode reflection optimizer
2023-09-27T09:32:51.674+09:00 DEBUG 66671 --- [    Test worker] org.hibernate.type.BasicTypeRegistry     : Adding type registration boolean -> org.hibernate.type.BasicTypeReference@6885ed19
2023-09-27T09:32:51.675+09:00 DEBUG 66671 --- [    Test worker] org.hibernate.type.BasicTypeRegistry     : Adding type registration boolean -> org.hibernate.type.BasicTypeReference@6885ed19
2023-09-27T09:32:51.675+09:00 DEBUG 66671 --- [    Test worker] org.hibernate.type.BasicTypeRegistry     : Adding type registration java.lang.Boolean -> org.hibernate.type.BasicTypeReference@6885ed19
2023-09-27T09:32:51.675+09:00 DEBUG 66671 --- [    Test worker] org.hibernate.type.BasicTypeRegistry     : Adding type registration numeric_boolean -> org.hibernate.type.BasicTypeReference@10817f46
2023-09-27T09:32:51.675+09:00 DEBUG 66671 --- [    Test worker] org.hibernate.type.BasicTypeRegistry     : Adding type registration org.hibernate.type.NumericBooleanConverter -> org.hibernate.type.BasicTypeReference@10817f46
2023-09-27T09:32:51.675+09:00 DEBUG 66671 --- [    Test worker] org.hibernate.type.BasicTypeRegistry     : Adding type registration true_false -> org.hibernate.type.BasicTypeReference@2d4a3e13
2023-09-27T09:32:51.675+09:00 DEBUG 66671 --- [    Test worker] org.hibernate.type.BasicTypeRegistry     : Adding type registration org.hibernate.type.TrueFalseConverter -> org.hibernate.type.BasicTypeReference@2d4a3e13
2023-09-27T09:32:51.675+09:00 DEBUG 66671 --- [    Test worker] org.hibernate.type.BasicTypeRegistry     : Adding type registration yes_no -> org.hibernate.type.BasicTypeReference@4a22e4d7
2023-09-27T09:32:51.675+09:00 DEBUG 66671 --- [    Test worker] org.hibernate.type.BasicTypeRegistry     : Adding type registration org.hibernate.type.YesNoConverter -> org.hibernate.type.BasicTypeReference@4a22e4d7
2023-09-27T09:32:51.675+09:00 DEBUG 66671 --- [    Test worker] org.hibernate.type.BasicTypeRegistry     : Adding type registration byte -> org.hibernate.type.BasicTypeReference@d8835af
2023-09-27T09:32:51.675+09:00 DEBUG 66671 --- [    Test worker] org.hibernate.type.BasicTypeRegistry     : Adding type registration byte -> org.hibernate.type.BasicTypeReference@d8835af
2023-09-27T09:32:51.675+09:00 DEBUG 66671 --- [    Test worker] org.hibernate.type.BasicTypeRegistry     : Adding type registration java.lang.Byte -> org.hibernate.type.BasicTypeReference@d8835af
2023-09-27T09:32:51.676+09:00 DEBUG 66671 --- [    Test worker] org.hibernate.type.BasicTypeRegistry     : Adding type registration binary -> org.hibernate.type.BasicTypeReference@16681017
2023-09-27T09:32:51.676+09:00 DEBUG 66671 --- [    Test worker] org.hibernate.type.BasicTypeRegistry     : Adding type registration byte[] -> org.hibernate.type.BasicTypeReference@16681017
2023-09-27T09:32:51.676+09:00 DEBUG 66671 --- [    Test worker] org.hibernate.type.BasicTypeRegistry     : Adding type registration [B -> org.hibernate.type.BasicTypeReference@16681017
2023-09-27T09:32:51.676+09:00 DEBUG 66671 --- [    Test worker] org.hibernate.type.BasicTypeRegistry     : Adding type registration binary_wrapper -> org.hibernate.type.BasicTypeReference@6aae0e6f
2023-09-27T09:32:51.676+09:00 DEBUG 66671 --- [    Test worker] org.hibernate.type.BasicTypeRegistry     : Adding type registration wrapper-binary -> org.hibernate.type.BasicTypeReference@6aae0e6f
2023-09-27T09:32:51.676+09:00 DEBUG 66671 --- [    Test worker] org.hibernate.type.BasicTypeRegistry     : Adding type registration image -> org.hibernate.type.BasicTypeReference@37775bb1
2023-09-27T09:32:51.676+09:00 DEBUG 66671 --- [    Test worker] org.hibernate.type.BasicTypeRegistry     : Adding type registration blob -> org.hibernate.type.BasicTypeReference@7b9e25bd
2023-09-27T09:32:51.676+09:00 DEBUG 66671 --- [    Test worker] org.hibernate.type.BasicTypeRegistry     : Adding type registration java.sql.Blob -> org.hibernate.type.BasicTypeReference@7b9e25bd
2023-09-27T09:32:51.676+09:00 DEBUG 66671 --- [    Test worker] org.hibernate.type.BasicTypeRegistry     : Adding type registration materialized_blob -> org.hibernate.type.BasicTypeReference@2d206a71
2023-09-27T09:32:51.677+09:00 DEBUG 66671 --- [    Test worker] org.hibernate.type.BasicTypeRegistry     : Adding type registration materialized_blob_wrapper -> org.hibernate.type.BasicTypeReference@37e7c4cc
2023-09-27T09:32:51.677+09:00 DEBUG 66671 --- [    Test worker] org.hibernate.type.BasicTypeRegistry     : Adding type registration short -> org.hibernate.type.BasicTypeReference@3a40bb52
2023-09-27T09:32:51.677+09:00 DEBUG 66671 --- [    Test worker] org.hibernate.type.BasicTypeRegistry     : Adding type registration short -> org.hibernate.type.BasicTypeReference@3a40bb52
2023-09-27T09:32:51.677+09:00 DEBUG 66671 --- [    Test worker] org.hibernate.type.BasicTypeRegistry     : Adding type registration java.lang.Short -> org.hibernate.type.BasicTypeReference@3a40bb52
2023-09-27T09:32:51.677+09:00 DEBUG 66671 --- [    Test worker] org.hibernate.type.BasicTypeRegistry     : Adding type registration integer -> org.hibernate.type.BasicTypeReference@3079c26a
2023-09-27T09:32:51.677+09:00 DEBUG 66671 --- [    Test worker] org.hibernate.type.BasicTypeRegistry     : Adding type registration int -> org.hibernate.type.BasicTypeReference@3079c26a
2023-09-27T09:32:51.677+09:00 DEBUG 66671 --- [    Test worker] org.hibernate.type.BasicTypeRegistry     : Adding type registration java.lang.Integer -> org.hibernate.type.BasicTypeReference@3079c26a
2023-09-27T09:32:51.677+09:00 DEBUG 66671 --- [    Test worker] org.hibernate.type.BasicTypeRegistry     : Adding type registration long -> org.hibernate.type.BasicTypeReference@1e2445f6
2023-09-27T09:32:51.677+09:00 DEBUG 66671 --- [    Test worker] org.hibernate.type.BasicTypeRegistry     : Adding type registration long -> org.hibernate.type.BasicTypeReference@1e2445f6
2023-09-27T09:32:51.678+09:00 DEBUG 66671 --- [    Test worker] org.hibernate.type.BasicTypeRegistry     : Adding type registration java.lang.Long -> org.hibernate.type.BasicTypeReference@1e2445f6
2023-09-27T09:32:51.678+09:00 DEBUG 66671 --- [    Test worker] org.hibernate.type.BasicTypeRegistry     : Adding type registration float -> org.hibernate.type.BasicTypeReference@17ec335a
2023-09-27T09:32:51.678+09:00 DEBUG 66671 --- [    Test worker] org.hibernate.type.BasicTypeRegistry     : Adding type registration float -> org.hibernate.type.BasicTypeReference@17ec335a
2023-09-27T09:32:51.678+09:00 DEBUG 66671 --- [    Test worker] org.hibernate.type.BasicTypeRegistry     : Adding type registration java.lang.Float -> org.hibernate.type.BasicTypeReference@17ec335a
2023-09-27T09:32:51.678+09:00 DEBUG 66671 --- [    Test worker] org.hibernate.type.BasicTypeRegistry     : Adding type registration double -> org.hibernate.type.BasicTypeReference@284990de
2023-09-27T09:32:51.678+09:00 DEBUG 66671 --- [    Test worker] org.hibernate.type.BasicTypeRegistry     : Adding type registration double -> org.hibernate.type.BasicTypeReference@284990de
2023-09-27T09:32:51.678+09:00 DEBUG 66671 --- [    Test worker] org.hibernate.type.BasicTypeRegistry     : Adding type registration java.lang.Double -> org.hibernate.type.BasicTypeReference@284990de
2023-09-27T09:32:51.678+09:00 DEBUG 66671 --- [    Test worker] org.hibernate.type.BasicTypeRegistry     : Adding type registration big_integer -> org.hibernate.type.BasicTypeReference@565d7d2f
2023-09-27T09:32:51.678+09:00 DEBUG 66671 --- [    Test worker] org.hibernate.type.BasicTypeRegistry     : Adding type registration java.math.BigInteger -> org.hibernate.type.BasicTypeReference@565d7d2f
2023-09-27T09:32:51.678+09:00 DEBUG 66671 --- [    Test worker] org.hibernate.type.BasicTypeRegistry     : Adding type registration big_decimal -> org.hibernate.type.BasicTypeReference@6aea99e7
2023-09-27T09:32:51.679+09:00 DEBUG 66671 --- [    Test worker] org.hibernate.type.BasicTypeRegistry     : Adding type registration java.math.BigDecimal -> org.hibernate.type.BasicTypeReference@6aea99e7
2023-09-27T09:32:51.679+09:00 DEBUG 66671 --- [    Test worker] org.hibernate.type.BasicTypeRegistry     : Adding type registration character -> org.hibernate.type.BasicTypeReference@1c6a0103
2023-09-27T09:32:51.679+09:00 DEBUG 66671 --- [    Test worker] org.hibernate.type.BasicTypeRegistry     : Adding type registration char -> org.hibernate.type.BasicTypeReference@1c6a0103
2023-09-27T09:32:51.679+09:00 DEBUG 66671 --- [    Test worker] org.hibernate.type.BasicTypeRegistry     : Adding type registration java.lang.Character -> org.hibernate.type.BasicTypeReference@1c6a0103
2023-09-27T09:32:51.679+09:00 DEBUG 66671 --- [    Test worker] org.hibernate.type.BasicTypeRegistry     : Adding type registration character_nchar -> org.hibernate.type.BasicTypeReference@7841bd30
2023-09-27T09:32:51.679+09:00 DEBUG 66671 --- [    Test worker] org.hibernate.type.BasicTypeRegistry     : Adding type registration string -> org.hibernate.type.BasicTypeReference@45c80312
2023-09-27T09:32:51.679+09:00 DEBUG 66671 --- [    Test worker] org.hibernate.type.BasicTypeRegistry     : Adding type registration java.lang.String -> org.hibernate.type.BasicTypeReference@45c80312
2023-09-27T09:32:51.679+09:00 DEBUG 66671 --- [    Test worker] org.hibernate.type.BasicTypeRegistry     : Adding type registration nstring -> org.hibernate.type.BasicTypeReference@7bd38fed
2023-09-27T09:32:51.679+09:00 DEBUG 66671 --- [    Test worker] org.hibernate.type.BasicTypeRegistry     : Adding type registration characters -> org.hibernate.type.BasicTypeReference@377dfb8d
2023-09-27T09:32:51.679+09:00 DEBUG 66671 --- [    Test worker] org.hibernate.type.BasicTypeRegistry     : Adding type registration char[] -> org.hibernate.type.BasicTypeReference@377dfb8d
2023-09-27T09:32:51.680+09:00 DEBUG 66671 --- [    Test worker] org.hibernate.type.BasicTypeRegistry     : Adding type registration [C -> org.hibernate.type.BasicTypeReference@377dfb8d
2023-09-27T09:32:51.680+09:00 DEBUG 66671 --- [    Test worker] org.hibernate.type.BasicTypeRegistry     : Adding type registration wrapper-characters -> org.hibernate.type.BasicTypeReference@42a0786f
2023-09-27T09:32:51.680+09:00 DEBUG 66671 --- [    Test worker] org.hibernate.type.BasicTypeRegistry     : Adding type registration text -> org.hibernate.type.BasicTypeReference@477523ba
2023-09-27T09:32:51.680+09:00 DEBUG 66671 --- [    Test worker] org.hibernate.type.BasicTypeRegistry     : Adding type registration ntext -> org.hibernate.type.BasicTypeReference@203e705e
2023-09-27T09:32:51.680+09:00 DEBUG 66671 --- [    Test worker] org.hibernate.type.BasicTypeRegistry     : Adding type registration clob -> org.hibernate.type.BasicTypeReference@78c74647
2023-09-27T09:32:51.680+09:00 DEBUG 66671 --- [    Test worker] org.hibernate.type.BasicTypeRegistry     : Adding type registration java.sql.Clob -> org.hibernate.type.BasicTypeReference@78c74647
2023-09-27T09:32:51.680+09:00 DEBUG 66671 --- [    Test worker] org.hibernate.type.BasicTypeRegistry     : Adding type registration nclob -> org.hibernate.type.BasicTypeReference@39652a30
2023-09-27T09:32:51.680+09:00 DEBUG 66671 --- [    Test worker] org.hibernate.type.BasicTypeRegistry     : Adding type registration java.sql.NClob -> org.hibernate.type.BasicTypeReference@39652a30
2023-09-27T09:32:51.680+09:00 DEBUG 66671 --- [    Test worker] org.hibernate.type.BasicTypeRegistry     : Adding type registration materialized_clob -> org.hibernate.type.BasicTypeReference@5763a655
2023-09-27T09:32:51.680+09:00 DEBUG 66671 --- [    Test worker] org.hibernate.type.BasicTypeRegistry     : Adding type registration materialized_clob_char_array -> org.hibernate.type.BasicTypeReference@40c8067
2023-09-27T09:32:51.680+09:00 DEBUG 66671 --- [    Test worker] org.hibernate.type.BasicTypeRegistry     : Adding type registration materialized_clob_character_array -> org.hibernate.type.BasicTypeReference@46bb0bdf
2023-09-27T09:32:51.680+09:00 DEBUG 66671 --- [    Test worker] org.hibernate.type.BasicTypeRegistry     : Adding type registration materialized_nclob -> org.hibernate.type.BasicTypeReference@561f9d92
2023-09-27T09:32:51.680+09:00 DEBUG 66671 --- [    Test worker] org.hibernate.type.BasicTypeRegistry     : Adding type registration materialized_nclob_character_array -> org.hibernate.type.BasicTypeReference@1c84d80a
2023-09-27T09:32:51.681+09:00 DEBUG 66671 --- [    Test worker] org.hibernate.type.BasicTypeRegistry     : Adding type registration materialized_nclob_char_array -> org.hibernate.type.BasicTypeReference@7ceb6c45
2023-09-27T09:32:51.681+09:00 DEBUG 66671 --- [    Test worker] org.hibernate.type.BasicTypeRegistry     : Adding type registration Duration -> org.hibernate.type.BasicTypeReference@629075f4
2023-09-27T09:32:51.681+09:00 DEBUG 66671 --- [    Test worker] org.hibernate.type.BasicTypeRegistry     : Adding type registration java.time.Duration -> org.hibernate.type.BasicTypeReference@629075f4
2023-09-27T09:32:51.681+09:00 DEBUG 66671 --- [    Test worker] org.hibernate.type.BasicTypeRegistry     : Adding type registration LocalDateTime -> org.hibernate.type.BasicTypeReference@48499739
2023-09-27T09:32:51.681+09:00 DEBUG 66671 --- [    Test worker] org.hibernate.type.BasicTypeRegistry     : Adding type registration java.time.LocalDateTime -> org.hibernate.type.BasicTypeReference@48499739
2023-09-27T09:32:51.681+09:00 DEBUG 66671 --- [    Test worker] org.hibernate.type.BasicTypeRegistry     : Adding type registration LocalDate -> org.hibernate.type.BasicTypeReference@723742b2
2023-09-27T09:32:51.681+09:00 DEBUG 66671 --- [    Test worker] org.hibernate.type.BasicTypeRegistry     : Adding type registration java.time.LocalDate -> org.hibernate.type.BasicTypeReference@723742b2
2023-09-27T09:32:51.681+09:00 DEBUG 66671 --- [    Test worker] org.hibernate.type.BasicTypeRegistry     : Adding type registration LocalTime -> org.hibernate.type.BasicTypeReference@559991f5
2023-09-27T09:32:51.681+09:00 DEBUG 66671 --- [    Test worker] org.hibernate.type.BasicTypeRegistry     : Adding type registration java.time.LocalTime -> org.hibernate.type.BasicTypeReference@559991f5
2023-09-27T09:32:51.681+09:00 DEBUG 66671 --- [    Test worker] org.hibernate.type.BasicTypeRegistry     : Adding type registration OffsetDateTime -> org.hibernate.type.BasicTypeReference@34c76167
2023-09-27T09:32:51.681+09:00 DEBUG 66671 --- [    Test worker] org.hibernate.type.BasicTypeRegistry     : Adding type registration java.time.OffsetDateTime -> org.hibernate.type.BasicTypeReference@34c76167
2023-09-27T09:32:51.681+09:00 DEBUG 66671 --- [    Test worker] org.hibernate.type.BasicTypeRegistry     : Adding type registration OffsetDateTimeWithTimezone -> org.hibernate.type.BasicTypeReference@30b3d899
2023-09-27T09:32:51.681+09:00 DEBUG 66671 --- [    Test worker] org.hibernate.type.BasicTypeRegistry     : Adding type registration OffsetDateTimeWithoutTimezone -> org.hibernate.type.BasicTypeReference@78d92eef
2023-09-27T09:32:51.682+09:00 DEBUG 66671 --- [    Test worker] org.hibernate.type.BasicTypeRegistry     : Adding type registration OffsetTime -> org.hibernate.type.BasicTypeReference@61d60e38
2023-09-27T09:32:51.682+09:00 DEBUG 66671 --- [    Test worker] org.hibernate.type.BasicTypeRegistry     : Adding type registration java.time.OffsetTime -> org.hibernate.type.BasicTypeReference@61d60e38
2023-09-27T09:32:51.682+09:00 DEBUG 66671 --- [    Test worker] org.hibernate.type.BasicTypeRegistry     : Adding type registration OffsetTimeUtc -> org.hibernate.type.BasicTypeReference@6e95973c
2023-09-27T09:32:51.682+09:00 DEBUG 66671 --- [    Test worker] org.hibernate.type.BasicTypeRegistry     : Adding type registration OffsetTimeWithTimezone -> org.hibernate.type.BasicTypeReference@404ced67
2023-09-27T09:32:51.682+09:00 DEBUG 66671 --- [    Test worker] org.hibernate.type.BasicTypeRegistry     : Adding type registration OffsetTimeWithoutTimezone -> org.hibernate.type.BasicTypeReference@71531dd7
2023-09-27T09:32:51.682+09:00 DEBUG 66671 --- [    Test worker] org.hibernate.type.BasicTypeRegistry     : Adding type registration ZonedDateTime -> org.hibernate.type.BasicTypeReference@20256a0b
2023-09-27T09:32:51.682+09:00 DEBUG 66671 --- [    Test worker] org.hibernate.type.BasicTypeRegistry     : Adding type registration java.time.ZonedDateTime -> org.hibernate.type.BasicTypeReference@20256a0b
2023-09-27T09:32:51.682+09:00 DEBUG 66671 --- [    Test worker] org.hibernate.type.BasicTypeRegistry     : Adding type registration ZonedDateTimeWithTimezone -> org.hibernate.type.BasicTypeReference@624b3544
2023-09-27T09:32:51.682+09:00 DEBUG 66671 --- [    Test worker] org.hibernate.type.BasicTypeRegistry     : Adding type registration ZonedDateTimeWithoutTimezone -> org.hibernate.type.BasicTypeReference@454bcbbf
2023-09-27T09:32:51.682+09:00 DEBUG 66671 --- [    Test worker] org.hibernate.type.BasicTypeRegistry     : Adding type registration date -> org.hibernate.type.BasicTypeReference@2c9fdb64
2023-09-27T09:32:51.682+09:00 DEBUG 66671 --- [    Test worker] org.hibernate.type.BasicTypeRegistry     : Adding type registration java.sql.Date -> org.hibernate.type.BasicTypeReference@2c9fdb64
2023-09-27T09:32:51.682+09:00 DEBUG 66671 --- [    Test worker] org.hibernate.type.BasicTypeRegistry     : Adding type registration time -> org.hibernate.type.BasicTypeReference@27e199ce
2023-09-27T09:32:51.682+09:00 DEBUG 66671 --- [    Test worker] org.hibernate.type.BasicTypeRegistry     : Adding type registration java.sql.Time -> org.hibernate.type.BasicTypeReference@27e199ce
2023-09-27T09:32:51.682+09:00 DEBUG 66671 --- [    Test worker] org.hibernate.type.BasicTypeRegistry     : Adding type registration timestamp -> org.hibernate.type.BasicTypeReference@1c3b6963
2023-09-27T09:32:51.683+09:00 DEBUG 66671 --- [    Test worker] org.hibernate.type.BasicTypeRegistry     : Adding type registration java.sql.Timestamp -> org.hibernate.type.BasicTypeReference@1c3b6963
2023-09-27T09:32:51.683+09:00 DEBUG 66671 --- [    Test worker] org.hibernate.type.BasicTypeRegistry     : Adding type registration java.util.Date -> org.hibernate.type.BasicTypeReference@1c3b6963
2023-09-27T09:32:51.683+09:00 DEBUG 66671 --- [    Test worker] org.hibernate.type.BasicTypeRegistry     : Adding type registration calendar -> org.hibernate.type.BasicTypeReference@7364f68
2023-09-27T09:32:51.683+09:00 DEBUG 66671 --- [    Test worker] org.hibernate.type.BasicTypeRegistry     : Adding type registration java.util.Calendar -> org.hibernate.type.BasicTypeReference@7364f68
2023-09-27T09:32:51.683+09:00 DEBUG 66671 --- [    Test worker] org.hibernate.type.BasicTypeRegistry     : Adding type registration java.util.GregorianCalendar -> org.hibernate.type.BasicTypeReference@7364f68
2023-09-27T09:32:51.683+09:00 DEBUG 66671 --- [    Test worker] org.hibernate.type.BasicTypeRegistry     : Adding type registration calendar_date -> org.hibernate.type.BasicTypeReference@55a0f011
2023-09-27T09:32:51.683+09:00 DEBUG 66671 --- [    Test worker] org.hibernate.type.BasicTypeRegistry     : Adding type registration calendar_time -> org.hibernate.type.BasicTypeReference@7ea42c82
2023-09-27T09:32:51.683+09:00 DEBUG 66671 --- [    Test worker] org.hibernate.type.BasicTypeRegistry     : Adding type registration instant -> org.hibernate.type.BasicTypeReference@39133244
2023-09-27T09:32:51.683+09:00 DEBUG 66671 --- [    Test worker] org.hibernate.type.BasicTypeRegistry     : Adding type registration java.time.Instant -> org.hibernate.type.BasicTypeReference@39133244
2023-09-27T09:32:51.683+09:00 DEBUG 66671 --- [    Test worker] org.hibernate.type.BasicTypeRegistry     : Adding type registration uuid -> org.hibernate.type.BasicTypeReference@ceb7701
2023-09-27T09:32:51.683+09:00 DEBUG 66671 --- [    Test worker] org.hibernate.type.BasicTypeRegistry     : Adding type registration java.util.UUID -> org.hibernate.type.BasicTypeReference@ceb7701
2023-09-27T09:32:51.683+09:00 DEBUG 66671 --- [    Test worker] org.hibernate.type.BasicTypeRegistry     : Adding type registration pg-uuid -> org.hibernate.type.BasicTypeReference@ceb7701
2023-09-27T09:32:51.683+09:00 DEBUG 66671 --- [    Test worker] org.hibernate.type.BasicTypeRegistry     : Adding type registration uuid-binary -> org.hibernate.type.BasicTypeReference@5e193ef5
2023-09-27T09:32:51.683+09:00 DEBUG 66671 --- [    Test worker] org.hibernate.type.BasicTypeRegistry     : Adding type registration uuid-char -> org.hibernate.type.BasicTypeReference@106c988
2023-09-27T09:32:51.684+09:00 DEBUG 66671 --- [    Test worker] org.hibernate.type.BasicTypeRegistry     : Adding type registration class -> org.hibernate.type.BasicTypeReference@21274afe
2023-09-27T09:32:51.684+09:00 DEBUG 66671 --- [    Test worker] org.hibernate.type.BasicTypeRegistry     : Adding type registration java.lang.Class -> org.hibernate.type.BasicTypeReference@21274afe
2023-09-27T09:32:51.684+09:00 DEBUG 66671 --- [    Test worker] org.hibernate.type.BasicTypeRegistry     : Adding type registration currency -> org.hibernate.type.BasicTypeReference@76a362a4
2023-09-27T09:32:51.684+09:00 DEBUG 66671 --- [    Test worker] org.hibernate.type.BasicTypeRegistry     : Adding type registration Currency -> org.hibernate.type.BasicTypeReference@76a362a4
2023-09-27T09:32:51.684+09:00 DEBUG 66671 --- [    Test worker] org.hibernate.type.BasicTypeRegistry     : Adding type registration java.util.Currency -> org.hibernate.type.BasicTypeReference@76a362a4
2023-09-27T09:32:51.684+09:00 DEBUG 66671 --- [    Test worker] org.hibernate.type.BasicTypeRegistry     : Adding type registration locale -> org.hibernate.type.BasicTypeReference@61da0413
2023-09-27T09:32:51.684+09:00 DEBUG 66671 --- [    Test worker] org.hibernate.type.BasicTypeRegistry     : Adding type registration java.util.Locale -> org.hibernate.type.BasicTypeReference@61da0413
2023-09-27T09:32:51.684+09:00 DEBUG 66671 --- [    Test worker] org.hibernate.type.BasicTypeRegistry     : Adding type registration serializable -> org.hibernate.type.BasicTypeReference@5627cb29
2023-09-27T09:32:51.684+09:00 DEBUG 66671 --- [    Test worker] org.hibernate.type.BasicTypeRegistry     : Adding type registration java.io.Serializable -> org.hibernate.type.BasicTypeReference@5627cb29
2023-09-27T09:32:51.684+09:00 DEBUG 66671 --- [    Test worker] org.hibernate.type.BasicTypeRegistry     : Adding type registration timezone -> org.hibernate.type.BasicTypeReference@4d4c1ba9
2023-09-27T09:32:51.685+09:00 DEBUG 66671 --- [    Test worker] org.hibernate.type.BasicTypeRegistry     : Adding type registration java.util.TimeZone -> org.hibernate.type.BasicTypeReference@4d4c1ba9
2023-09-27T09:32:51.685+09:00 DEBUG 66671 --- [    Test worker] org.hibernate.type.BasicTypeRegistry     : Adding type registration ZoneOffset -> org.hibernate.type.BasicTypeReference@2017f6e6
2023-09-27T09:32:51.685+09:00 DEBUG 66671 --- [    Test worker] org.hibernate.type.BasicTypeRegistry     : Adding type registration java.time.ZoneOffset -> org.hibernate.type.BasicTypeReference@2017f6e6
2023-09-27T09:32:51.685+09:00 DEBUG 66671 --- [    Test worker] org.hibernate.type.BasicTypeRegistry     : Adding type registration url -> org.hibernate.type.BasicTypeReference@115c946b
2023-09-27T09:32:51.685+09:00 DEBUG 66671 --- [    Test worker] org.hibernate.type.BasicTypeRegistry     : Adding type registration java.net.URL -> org.hibernate.type.BasicTypeReference@115c946b
2023-09-27T09:32:51.686+09:00 DEBUG 66671 --- [    Test worker] org.hibernate.type.BasicTypeRegistry     : Adding type registration row_version -> org.hibernate.type.BasicTypeReference@79ca7bea
2023-09-27T09:32:51.688+09:00 DEBUG 66671 --- [    Test worker] org.hibernate.type.BasicTypeRegistry     : Adding type registration object -> org.hibernate.type.JavaObjectType@67c6f4d8
2023-09-27T09:32:51.689+09:00 DEBUG 66671 --- [    Test worker] org.hibernate.type.BasicTypeRegistry     : Adding type registration java.lang.Object -> org.hibernate.type.JavaObjectType@67c6f4d8
2023-09-27T09:32:51.690+09:00 DEBUG 66671 --- [    Test worker] org.hibernate.type.BasicTypeRegistry     : Adding type registration null -> org.hibernate.type.NullType@6f3bd37f
2023-09-27T09:32:51.690+09:00 DEBUG 66671 --- [    Test worker] org.hibernate.type.BasicTypeRegistry     : Adding type registration imm_date -> org.hibernate.type.BasicTypeReference@403364e9
2023-09-27T09:32:51.690+09:00 DEBUG 66671 --- [    Test worker] org.hibernate.type.BasicTypeRegistry     : Adding type registration imm_time -> org.hibernate.type.BasicTypeReference@447521e
2023-09-27T09:32:51.690+09:00 DEBUG 66671 --- [    Test worker] org.hibernate.type.BasicTypeRegistry     : Adding type registration imm_timestamp -> org.hibernate.type.BasicTypeReference@1ecf0ac6
2023-09-27T09:32:51.691+09:00 DEBUG 66671 --- [    Test worker] org.hibernate.type.BasicTypeRegistry     : Adding type registration imm_calendar -> org.hibernate.type.BasicTypeReference@458031da
2023-09-27T09:32:51.691+09:00 DEBUG 66671 --- [    Test worker] org.hibernate.type.BasicTypeRegistry     : Adding type registration imm_calendar_date -> org.hibernate.type.BasicTypeReference@7be94cd6
2023-09-27T09:32:51.691+09:00 DEBUG 66671 --- [    Test worker] org.hibernate.type.BasicTypeRegistry     : Adding type registration imm_calendar_time -> org.hibernate.type.BasicTypeReference@20cff21e
2023-09-27T09:32:51.691+09:00 DEBUG 66671 --- [    Test worker] org.hibernate.type.BasicTypeRegistry     : Adding type registration imm_binary -> org.hibernate.type.BasicTypeReference@463045fb
2023-09-27T09:32:51.691+09:00 DEBUG 66671 --- [    Test worker] org.hibernate.type.BasicTypeRegistry     : Adding type registration imm_serializable -> org.hibernate.type.BasicTypeReference@27ab206
2023-09-27T09:32:51.705+09:00  INFO 66671 --- [    Test worker] o.h.b.i.BytecodeProviderInitiator        : HHH000021: Bytecode provider name : bytebuddy
2023-09-27T09:32:51.809+09:00  INFO 66671 --- [    Test worker] o.s.o.j.p.SpringPersistenceUnitInfo      : No LoadTimeWeaver setup: ignoring JPA class transformer
2023-09-27T09:32:51.823+09:00  INFO 66671 --- [    Test worker] com.zaxxer.hikari.HikariDataSource       : HikariPool-1 - Starting...
2023-09-27T09:32:51.885+09:00  INFO 66671 --- [    Test worker] com.zaxxer.hikari.pool.HikariPool        : HikariPool-1 - Added connection conn0: url=jdbc:h2:tcp://localhost/~/jpashop user=SA
2023-09-27T09:32:51.886+09:00  INFO 66671 --- [    Test worker] com.zaxxer.hikari.HikariDataSource       : HikariPool-1 - Start completed.
2023-09-27T09:32:51.929+09:00 DEBUG 66671 --- [    Test worker] o.h.t.d.jdbc.spi.JdbcTypeRegistry        : addDescriptor(NCharTypeDescriptor) replaced previous registration(CharTypeDescriptor)
2023-09-27T09:32:51.929+09:00 DEBUG 66671 --- [    Test worker] o.h.t.d.jdbc.spi.JdbcTypeRegistry        : addDescriptor(NVarcharTypeDescriptor) replaced previous registration(VarcharTypeDescriptor)
2023-09-27T09:32:51.929+09:00 DEBUG 66671 --- [    Test worker] o.h.t.d.jdbc.spi.JdbcTypeRegistry        : addDescriptor(LongNVarcharTypeDescriptor) replaced previous registration(LongVarcharTypeDescriptor)
2023-09-27T09:32:51.931+09:00 DEBUG 66671 --- [    Test worker] o.h.t.d.jdbc.spi.JdbcTypeRegistry        : addDescriptor(NClobTypeDescriptor(DEFAULT)) replaced previous registration(ClobTypeDescriptor(DEFAULT))
2023-09-27T09:32:51.931+09:00 DEBUG 66671 --- [    Test worker] o.h.t.d.jdbc.spi.JdbcTypeRegistry        : addDescriptor(2005, ClobTypeDescriptor(STREAM_BINDING)) replaced previous registration(ClobTypeDescriptor(DEFAULT))
2023-09-27T09:32:51.932+09:00 DEBUG 66671 --- [    Test worker] o.h.t.d.jdbc.spi.JdbcTypeRegistry        : addDescriptor(TimestampUtcDescriptor) replaced previous registration(TimestampUtcDescriptor)
2023-09-27T09:32:51.934+09:00 DEBUG 66671 --- [    Test worker] o.h.t.d.jdbc.spi.JdbcTypeRegistry        : addDescriptor(3100, NumericTypeDescriptor) replaced previous registration(org.hibernate.dialect.H2DurationIntervalSecondJdbcType@37ffe4f3)
2023-09-27T09:32:51.937+09:00 DEBUG 66671 --- [    Test worker] o.h.type.spi.TypeConfiguration$Scope     : Scoping TypeConfiguration [org.hibernate.type.spi.TypeConfiguration@72324965] to MetadataBuildingContext [org.hibernate.boot.internal.MetadataBuildingContextRootImpl@249b54af]
2023-09-27T09:32:52.057+09:00  INFO 66671 --- [    Test worker] p6spy                                    : #1695774772057 | took 5ms | statement | connection 1| url jdbc:h2:tcp://localhost/~/jpashop
select * from INFORMATION_SCHEMA.SEQUENCES
select * from INFORMATION_SCHEMA.SEQUENCES;
2023-09-27T09:32:52.070+09:00  INFO 66671 --- [    Test worker] o.h.b.i.BytecodeProviderInitiator        : HHH000021: Bytecode provider name : bytebuddy
2023-09-27T09:32:52.510+09:00  INFO 66671 --- [    Test worker] o.h.e.t.j.p.i.JtaPlatformInitiator       : HHH000490: Using JtaPlatform implementation: [org.hibernate.engine.transaction.jta.platform.internal.NoJtaPlatform]
2023-09-27T09:32:52.511+09:00 DEBUG 66671 --- [    Test worker] o.h.type.spi.TypeConfiguration$Scope     : Scoping TypeConfiguration [org.hibernate.type.spi.TypeConfiguration@72324965] to SessionFactoryImplementor [org.hibernate.internal.SessionFactoryImpl@7341baa3]
2023-09-27T09:32:52.521+09:00 DEBUG 66671 --- [    Test worker] org.hibernate.SQL                        : 
    drop table if exists member cascade 
Hibernate: 
    drop table if exists member cascade 
2023-09-27T09:32:52.523+09:00  INFO 66671 --- [    Test worker] p6spy                                    : #1695774772523 | took 0ms | statement | connection 2| url jdbc:h2:tcp://localhost/~/jpashop

    drop table if exists member cascade 

    drop table if exists member cascade ;
2023-09-27T09:32:52.523+09:00 DEBUG 66671 --- [    Test worker] org.hibernate.SQL                        : 
    drop sequence if exists member_seq
Hibernate: 
    drop sequence if exists member_seq
2023-09-27T09:32:52.525+09:00  INFO 66671 --- [    Test worker] p6spy                                    : #1695774772525 | took 1ms | statement | connection 2| url jdbc:h2:tcp://localhost/~/jpashop

    drop sequence if exists member_seq

    drop sequence if exists member_seq;
2023-09-27T09:32:52.531+09:00 DEBUG 66671 --- [    Test worker] org.hibernate.SQL                        : 
    create sequence member_seq start with 1 increment by 50
Hibernate: 
    create sequence member_seq start with 1 increment by 50
2023-09-27T09:32:52.532+09:00  INFO 66671 --- [    Test worker] p6spy                                    : #1695774772532 | took 0ms | statement | connection 3| url jdbc:h2:tcp://localhost/~/jpashop

    create sequence member_seq start with 1 increment by 50

    create sequence member_seq start with 1 increment by 50;
2023-09-27T09:32:52.534+09:00 DEBUG 66671 --- [    Test worker] org.hibernate.SQL                        : 
    create table member (
        id bigint not null,
        username varchar(255),
        primary key (id)
    )
Hibernate: 
    create table member (
        id bigint not null,
        username varchar(255),
        primary key (id)
    )
2023-09-27T09:32:52.536+09:00  INFO 66671 --- [    Test worker] p6spy                                    : #1695774772536 | took 1ms | statement | connection 3| url jdbc:h2:tcp://localhost/~/jpashop

    create table member (
        id bigint not null,
        username varchar(255),
        primary key (id)
    )

    create table member (
        id bigint not null,
        username varchar(255),
        primary key (id)
    );
2023-09-27T09:32:52.539+09:00 TRACE 66671 --- [    Test worker] o.h.type.spi.TypeConfiguration$Scope     : Handling #sessionFactoryCreated from [org.hibernate.internal.SessionFactoryImpl@7341baa3] for TypeConfiguration
2023-09-27T09:32:52.539+09:00  INFO 66671 --- [    Test worker] j.LocalContainerEntityManagerFactoryBean : Initialized JPA EntityManagerFactory for persistence unit 'default'
2023-09-27T09:32:52.691+09:00  WARN 66671 --- [    Test worker] JpaBaseConfiguration$JpaWebConfiguration : spring.jpa.open-in-view is enabled by default. Therefore, database queries may be performed during view rendering. Explicitly configure spring.jpa.open-in-view to disable this warning
2023-09-27T09:32:52.988+09:00  INFO 66671 --- [    Test worker] jpabook.jpashop.MemberRepositoryTest     : Started MemberRepositoryTest in 2.65 seconds (process running for 3.589)
2023-09-27T09:32:53.478+09:00 DEBUG 66671 --- [    Test worker] org.hibernate.SQL                        : 
    select
        next value for member_seq
Hibernate: 
    select
        next value for member_seq
2023-09-27T09:32:53.481+09:00  INFO 66671 --- [    Test worker] p6spy                                    : #1695774773481 | took 0ms | statement | connection 4| url jdbc:h2:tcp://localhost/~/jpashop
select next value for member_seq
select next value for member_seq;
2023-09-27T09:32:53.540+09:00 DEBUG 66671 --- [    Test worker] org.hibernate.SQL                        : 
    insert 
    into
        member
        (username,id) 
    values
        (?,?)
Hibernate: 
    insert 
    into
        member
        (username,id) 
    values
        (?,?)
2023-09-27T09:32:53.544+09:00  INFO 66671 --- [    Test worker] p6spy                                    : #1695774773544 | took 0ms | statement | connection 4| url jdbc:h2:tcp://localhost/~/jpashop
insert into member (username,id) values (?,?)
insert into member (username,id) values ('memberA',1);
2023-09-27T09:32:53.549+09:00  INFO 66671 --- [    Test worker] p6spy                                    : #1695774773549 | took 0ms | commit | connection 4| url jdbc:h2:tcp://localhost/~/jpashop

;
]]></system-out>
  <system-err><![CDATA[]]></system-err>
</testsuite>
