<?xml version="1.0" encoding="UTF-8"?>
<testsuite name="jpabook.jpashop.JpashopApplicationTests" tests="1" skipped="0" failures="0" errors="0" timestamp="2023-10-31T00:09:49" hostname="Macui-iMac.local" time="0.505">
  <properties/>
  <testcase name="contextLoads()" classname="jpabook.jpashop.JpashopApplicationTests" time="0.505"/>
  <system-out><![CDATA[09:09:45.538 [Test worker] INFO org.springframework.test.context.support.AnnotationConfigContextLoaderUtils -- Could not detect default configuration classes for test class [jpabook.jpashop.JpashopApplicationTests]: JpashopApplicationTests does not declare any static, non-private, non-final, nested classes annotated with @Configuration.
09:09:45.646 [Test worker] INFO org.springframework.boot.test.context.SpringBootTestContextBootstrapper -- Found @SpringBootConfiguration jpabook.jpashop.JpashopApplication for test class jpabook.jpashop.JpashopApplicationTests

  .   ____          _            __ _ _
 /\\ / ___'_ __ _ _(_)_ __  __ _ \ \ \ \
( ( )\___ | '_ | '_| | '_ \/ _` | \ \ \ \
 \\/  ___)| |_)| | | | | || (_| |  ) ) ) )
  '  |____| .__|_| |_|_| |_\__, | / / / /
 =========|_|==============|___/=/_/_/_/
 :: Spring Boot ::                (v3.1.3)

2023-10-31T09:09:46.195+09:00  INFO 84560 --- [    Test worker] j.jpashop.JpashopApplicationTests        : Starting JpashopApplicationTests using Java 17.0.6 with PID 84560 (started by mac in /Users/mac/Desktop/개인/jpashop)
2023-10-31T09:09:46.199+09:00  INFO 84560 --- [    Test worker] j.jpashop.JpashopApplicationTests        : No active profile set, falling back to 1 default profile: "default"
2023-10-31T09:09:46.889+09:00  INFO 84560 --- [    Test worker] .s.d.r.c.RepositoryConfigurationDelegate : Bootstrapping Spring Data JPA repositories in DEFAULT mode.
2023-10-31T09:09:46.914+09:00  INFO 84560 --- [    Test worker] .s.d.r.c.RepositoryConfigurationDelegate : Finished Spring Data repository scanning in 15 ms. Found 0 JPA repository interfaces.
2023-10-31T09:09:47.405+09:00  INFO 84560 --- [    Test worker] o.hibernate.jpa.internal.util.LogHelper  : HHH000204: Processing PersistenceUnitInfo [name: default]
2023-10-31T09:09:47.455+09:00  INFO 84560 --- [    Test worker] org.hibernate.Version                    : HHH000412: Hibernate ORM core version 6.2.7.Final
2023-10-31T09:09:47.459+09:00  INFO 84560 --- [    Test worker] org.hibernate.cfg.Environment            : HHH000406: Using bytecode reflection optimizer
2023-10-31T09:09:47.562+09:00 DEBUG 84560 --- [    Test worker] org.hibernate.type.BasicTypeRegistry     : Adding type registration boolean -> org.hibernate.type.BasicTypeReference@2aea717c
2023-10-31T09:09:47.562+09:00 DEBUG 84560 --- [    Test worker] org.hibernate.type.BasicTypeRegistry     : Adding type registration boolean -> org.hibernate.type.BasicTypeReference@2aea717c
2023-10-31T09:09:47.562+09:00 DEBUG 84560 --- [    Test worker] org.hibernate.type.BasicTypeRegistry     : Adding type registration java.lang.Boolean -> org.hibernate.type.BasicTypeReference@2aea717c
2023-10-31T09:09:47.562+09:00 DEBUG 84560 --- [    Test worker] org.hibernate.type.BasicTypeRegistry     : Adding type registration numeric_boolean -> org.hibernate.type.BasicTypeReference@5ca4dce5
2023-10-31T09:09:47.562+09:00 DEBUG 84560 --- [    Test worker] org.hibernate.type.BasicTypeRegistry     : Adding type registration org.hibernate.type.NumericBooleanConverter -> org.hibernate.type.BasicTypeReference@5ca4dce5
2023-10-31T09:09:47.562+09:00 DEBUG 84560 --- [    Test worker] org.hibernate.type.BasicTypeRegistry     : Adding type registration true_false -> org.hibernate.type.BasicTypeReference@1291aab5
2023-10-31T09:09:47.562+09:00 DEBUG 84560 --- [    Test worker] org.hibernate.type.BasicTypeRegistry     : Adding type registration org.hibernate.type.TrueFalseConverter -> org.hibernate.type.BasicTypeReference@1291aab5
2023-10-31T09:09:47.562+09:00 DEBUG 84560 --- [    Test worker] org.hibernate.type.BasicTypeRegistry     : Adding type registration yes_no -> org.hibernate.type.BasicTypeReference@7d133fb7
2023-10-31T09:09:47.562+09:00 DEBUG 84560 --- [    Test worker] org.hibernate.type.BasicTypeRegistry     : Adding type registration org.hibernate.type.YesNoConverter -> org.hibernate.type.BasicTypeReference@7d133fb7
2023-10-31T09:09:47.563+09:00 DEBUG 84560 --- [    Test worker] org.hibernate.type.BasicTypeRegistry     : Adding type registration byte -> org.hibernate.type.BasicTypeReference@40bd0f8
2023-10-31T09:09:47.563+09:00 DEBUG 84560 --- [    Test worker] org.hibernate.type.BasicTypeRegistry     : Adding type registration byte -> org.hibernate.type.BasicTypeReference@40bd0f8
2023-10-31T09:09:47.563+09:00 DEBUG 84560 --- [    Test worker] org.hibernate.type.BasicTypeRegistry     : Adding type registration java.lang.Byte -> org.hibernate.type.BasicTypeReference@40bd0f8
2023-10-31T09:09:47.563+09:00 DEBUG 84560 --- [    Test worker] org.hibernate.type.BasicTypeRegistry     : Adding type registration binary -> org.hibernate.type.BasicTypeReference@7eb27768
2023-10-31T09:09:47.563+09:00 DEBUG 84560 --- [    Test worker] org.hibernate.type.BasicTypeRegistry     : Adding type registration byte[] -> org.hibernate.type.BasicTypeReference@7eb27768
2023-10-31T09:09:47.563+09:00 DEBUG 84560 --- [    Test worker] org.hibernate.type.BasicTypeRegistry     : Adding type registration [B -> org.hibernate.type.BasicTypeReference@7eb27768
2023-10-31T09:09:47.563+09:00 DEBUG 84560 --- [    Test worker] org.hibernate.type.BasicTypeRegistry     : Adding type registration binary_wrapper -> org.hibernate.type.BasicTypeReference@5fb54740
2023-10-31T09:09:47.564+09:00 DEBUG 84560 --- [    Test worker] org.hibernate.type.BasicTypeRegistry     : Adding type registration wrapper-binary -> org.hibernate.type.BasicTypeReference@5fb54740
2023-10-31T09:09:47.564+09:00 DEBUG 84560 --- [    Test worker] org.hibernate.type.BasicTypeRegistry     : Adding type registration image -> org.hibernate.type.BasicTypeReference@325162e9
2023-10-31T09:09:47.564+09:00 DEBUG 84560 --- [    Test worker] org.hibernate.type.BasicTypeRegistry     : Adding type registration blob -> org.hibernate.type.BasicTypeReference@1ee40b5c
2023-10-31T09:09:47.564+09:00 DEBUG 84560 --- [    Test worker] org.hibernate.type.BasicTypeRegistry     : Adding type registration java.sql.Blob -> org.hibernate.type.BasicTypeReference@1ee40b5c
2023-10-31T09:09:47.564+09:00 DEBUG 84560 --- [    Test worker] org.hibernate.type.BasicTypeRegistry     : Adding type registration materialized_blob -> org.hibernate.type.BasicTypeReference@5c448ef
2023-10-31T09:09:47.564+09:00 DEBUG 84560 --- [    Test worker] org.hibernate.type.BasicTypeRegistry     : Adding type registration materialized_blob_wrapper -> org.hibernate.type.BasicTypeReference@703e8050
2023-10-31T09:09:47.564+09:00 DEBUG 84560 --- [    Test worker] org.hibernate.type.BasicTypeRegistry     : Adding type registration short -> org.hibernate.type.BasicTypeReference@49c1e294
2023-10-31T09:09:47.564+09:00 DEBUG 84560 --- [    Test worker] org.hibernate.type.BasicTypeRegistry     : Adding type registration short -> org.hibernate.type.BasicTypeReference@49c1e294
2023-10-31T09:09:47.564+09:00 DEBUG 84560 --- [    Test worker] org.hibernate.type.BasicTypeRegistry     : Adding type registration java.lang.Short -> org.hibernate.type.BasicTypeReference@49c1e294
2023-10-31T09:09:47.565+09:00 DEBUG 84560 --- [    Test worker] org.hibernate.type.BasicTypeRegistry     : Adding type registration integer -> org.hibernate.type.BasicTypeReference@7741ae1b
2023-10-31T09:09:47.565+09:00 DEBUG 84560 --- [    Test worker] org.hibernate.type.BasicTypeRegistry     : Adding type registration int -> org.hibernate.type.BasicTypeReference@7741ae1b
2023-10-31T09:09:47.565+09:00 DEBUG 84560 --- [    Test worker] org.hibernate.type.BasicTypeRegistry     : Adding type registration java.lang.Integer -> org.hibernate.type.BasicTypeReference@7741ae1b
2023-10-31T09:09:47.565+09:00 DEBUG 84560 --- [    Test worker] org.hibernate.type.BasicTypeRegistry     : Adding type registration long -> org.hibernate.type.BasicTypeReference@50e5032c
2023-10-31T09:09:47.565+09:00 DEBUG 84560 --- [    Test worker] org.hibernate.type.BasicTypeRegistry     : Adding type registration long -> org.hibernate.type.BasicTypeReference@50e5032c
2023-10-31T09:09:47.565+09:00 DEBUG 84560 --- [    Test worker] org.hibernate.type.BasicTypeRegistry     : Adding type registration java.lang.Long -> org.hibernate.type.BasicTypeReference@50e5032c
2023-10-31T09:09:47.565+09:00 DEBUG 84560 --- [    Test worker] org.hibernate.type.BasicTypeRegistry     : Adding type registration float -> org.hibernate.type.BasicTypeReference@545d2560
2023-10-31T09:09:47.565+09:00 DEBUG 84560 --- [    Test worker] org.hibernate.type.BasicTypeRegistry     : Adding type registration float -> org.hibernate.type.BasicTypeReference@545d2560
2023-10-31T09:09:47.565+09:00 DEBUG 84560 --- [    Test worker] org.hibernate.type.BasicTypeRegistry     : Adding type registration java.lang.Float -> org.hibernate.type.BasicTypeReference@545d2560
2023-10-31T09:09:47.565+09:00 DEBUG 84560 --- [    Test worker] org.hibernate.type.BasicTypeRegistry     : Adding type registration double -> org.hibernate.type.BasicTypeReference@124eb83d
2023-10-31T09:09:47.566+09:00 DEBUG 84560 --- [    Test worker] org.hibernate.type.BasicTypeRegistry     : Adding type registration double -> org.hibernate.type.BasicTypeReference@124eb83d
2023-10-31T09:09:47.566+09:00 DEBUG 84560 --- [    Test worker] org.hibernate.type.BasicTypeRegistry     : Adding type registration java.lang.Double -> org.hibernate.type.BasicTypeReference@124eb83d
2023-10-31T09:09:47.566+09:00 DEBUG 84560 --- [    Test worker] org.hibernate.type.BasicTypeRegistry     : Adding type registration big_integer -> org.hibernate.type.BasicTypeReference@6885ed19
2023-10-31T09:09:47.566+09:00 DEBUG 84560 --- [    Test worker] org.hibernate.type.BasicTypeRegistry     : Adding type registration java.math.BigInteger -> org.hibernate.type.BasicTypeReference@6885ed19
2023-10-31T09:09:47.566+09:00 DEBUG 84560 --- [    Test worker] org.hibernate.type.BasicTypeRegistry     : Adding type registration big_decimal -> org.hibernate.type.BasicTypeReference@10817f46
2023-10-31T09:09:47.566+09:00 DEBUG 84560 --- [    Test worker] org.hibernate.type.BasicTypeRegistry     : Adding type registration java.math.BigDecimal -> org.hibernate.type.BasicTypeReference@10817f46
2023-10-31T09:09:47.566+09:00 DEBUG 84560 --- [    Test worker] org.hibernate.type.BasicTypeRegistry     : Adding type registration character -> org.hibernate.type.BasicTypeReference@2d4a3e13
2023-10-31T09:09:47.566+09:00 DEBUG 84560 --- [    Test worker] org.hibernate.type.BasicTypeRegistry     : Adding type registration char -> org.hibernate.type.BasicTypeReference@2d4a3e13
2023-10-31T09:09:47.566+09:00 DEBUG 84560 --- [    Test worker] org.hibernate.type.BasicTypeRegistry     : Adding type registration java.lang.Character -> org.hibernate.type.BasicTypeReference@2d4a3e13
2023-10-31T09:09:47.566+09:00 DEBUG 84560 --- [    Test worker] org.hibernate.type.BasicTypeRegistry     : Adding type registration character_nchar -> org.hibernate.type.BasicTypeReference@4a22e4d7
2023-10-31T09:09:47.566+09:00 DEBUG 84560 --- [    Test worker] org.hibernate.type.BasicTypeRegistry     : Adding type registration string -> org.hibernate.type.BasicTypeReference@d8835af
2023-10-31T09:09:47.567+09:00 DEBUG 84560 --- [    Test worker] org.hibernate.type.BasicTypeRegistry     : Adding type registration java.lang.String -> org.hibernate.type.BasicTypeReference@d8835af
2023-10-31T09:09:47.567+09:00 DEBUG 84560 --- [    Test worker] org.hibernate.type.BasicTypeRegistry     : Adding type registration nstring -> org.hibernate.type.BasicTypeReference@16681017
2023-10-31T09:09:47.567+09:00 DEBUG 84560 --- [    Test worker] org.hibernate.type.BasicTypeRegistry     : Adding type registration characters -> org.hibernate.type.BasicTypeReference@6aae0e6f
2023-10-31T09:09:47.567+09:00 DEBUG 84560 --- [    Test worker] org.hibernate.type.BasicTypeRegistry     : Adding type registration char[] -> org.hibernate.type.BasicTypeReference@6aae0e6f
2023-10-31T09:09:47.567+09:00 DEBUG 84560 --- [    Test worker] org.hibernate.type.BasicTypeRegistry     : Adding type registration [C -> org.hibernate.type.BasicTypeReference@6aae0e6f
2023-10-31T09:09:47.567+09:00 DEBUG 84560 --- [    Test worker] org.hibernate.type.BasicTypeRegistry     : Adding type registration wrapper-characters -> org.hibernate.type.BasicTypeReference@37775bb1
2023-10-31T09:09:47.567+09:00 DEBUG 84560 --- [    Test worker] org.hibernate.type.BasicTypeRegistry     : Adding type registration text -> org.hibernate.type.BasicTypeReference@7b9e25bd
2023-10-31T09:09:47.568+09:00 DEBUG 84560 --- [    Test worker] org.hibernate.type.BasicTypeRegistry     : Adding type registration ntext -> org.hibernate.type.BasicTypeReference@2d206a71
2023-10-31T09:09:47.568+09:00 DEBUG 84560 --- [    Test worker] org.hibernate.type.BasicTypeRegistry     : Adding type registration clob -> org.hibernate.type.BasicTypeReference@37e7c4cc
2023-10-31T09:09:47.568+09:00 DEBUG 84560 --- [    Test worker] org.hibernate.type.BasicTypeRegistry     : Adding type registration java.sql.Clob -> org.hibernate.type.BasicTypeReference@37e7c4cc
2023-10-31T09:09:47.568+09:00 DEBUG 84560 --- [    Test worker] org.hibernate.type.BasicTypeRegistry     : Adding type registration nclob -> org.hibernate.type.BasicTypeReference@3a40bb52
2023-10-31T09:09:47.568+09:00 DEBUG 84560 --- [    Test worker] org.hibernate.type.BasicTypeRegistry     : Adding type registration java.sql.NClob -> org.hibernate.type.BasicTypeReference@3a40bb52
2023-10-31T09:09:47.568+09:00 DEBUG 84560 --- [    Test worker] org.hibernate.type.BasicTypeRegistry     : Adding type registration materialized_clob -> org.hibernate.type.BasicTypeReference@3079c26a
2023-10-31T09:09:47.568+09:00 DEBUG 84560 --- [    Test worker] org.hibernate.type.BasicTypeRegistry     : Adding type registration materialized_clob_char_array -> org.hibernate.type.BasicTypeReference@1e2445f6
2023-10-31T09:09:47.568+09:00 DEBUG 84560 --- [    Test worker] org.hibernate.type.BasicTypeRegistry     : Adding type registration materialized_clob_character_array -> org.hibernate.type.BasicTypeReference@17ec335a
2023-10-31T09:09:47.568+09:00 DEBUG 84560 --- [    Test worker] org.hibernate.type.BasicTypeRegistry     : Adding type registration materialized_nclob -> org.hibernate.type.BasicTypeReference@284990de
2023-10-31T09:09:47.568+09:00 DEBUG 84560 --- [    Test worker] org.hibernate.type.BasicTypeRegistry     : Adding type registration materialized_nclob_character_array -> org.hibernate.type.BasicTypeReference@565d7d2f
2023-10-31T09:09:47.568+09:00 DEBUG 84560 --- [    Test worker] org.hibernate.type.BasicTypeRegistry     : Adding type registration materialized_nclob_char_array -> org.hibernate.type.BasicTypeReference@6aea99e7
2023-10-31T09:09:47.569+09:00 DEBUG 84560 --- [    Test worker] org.hibernate.type.BasicTypeRegistry     : Adding type registration Duration -> org.hibernate.type.BasicTypeReference@1c6a0103
2023-10-31T09:09:47.569+09:00 DEBUG 84560 --- [    Test worker] org.hibernate.type.BasicTypeRegistry     : Adding type registration java.time.Duration -> org.hibernate.type.BasicTypeReference@1c6a0103
2023-10-31T09:09:47.569+09:00 DEBUG 84560 --- [    Test worker] org.hibernate.type.BasicTypeRegistry     : Adding type registration LocalDateTime -> org.hibernate.type.BasicTypeReference@7841bd30
2023-10-31T09:09:47.569+09:00 DEBUG 84560 --- [    Test worker] org.hibernate.type.BasicTypeRegistry     : Adding type registration java.time.LocalDateTime -> org.hibernate.type.BasicTypeReference@7841bd30
2023-10-31T09:09:47.569+09:00 DEBUG 84560 --- [    Test worker] org.hibernate.type.BasicTypeRegistry     : Adding type registration LocalDate -> org.hibernate.type.BasicTypeReference@45c80312
2023-10-31T09:09:47.569+09:00 DEBUG 84560 --- [    Test worker] org.hibernate.type.BasicTypeRegistry     : Adding type registration java.time.LocalDate -> org.hibernate.type.BasicTypeReference@45c80312
2023-10-31T09:09:47.569+09:00 DEBUG 84560 --- [    Test worker] org.hibernate.type.BasicTypeRegistry     : Adding type registration LocalTime -> org.hibernate.type.BasicTypeReference@7bd38fed
2023-10-31T09:09:47.569+09:00 DEBUG 84560 --- [    Test worker] org.hibernate.type.BasicTypeRegistry     : Adding type registration java.time.LocalTime -> org.hibernate.type.BasicTypeReference@7bd38fed
2023-10-31T09:09:47.569+09:00 DEBUG 84560 --- [    Test worker] org.hibernate.type.BasicTypeRegistry     : Adding type registration OffsetDateTime -> org.hibernate.type.BasicTypeReference@377dfb8d
2023-10-31T09:09:47.569+09:00 DEBUG 84560 --- [    Test worker] org.hibernate.type.BasicTypeRegistry     : Adding type registration java.time.OffsetDateTime -> org.hibernate.type.BasicTypeReference@377dfb8d
2023-10-31T09:09:47.569+09:00 DEBUG 84560 --- [    Test worker] org.hibernate.type.BasicTypeRegistry     : Adding type registration OffsetDateTimeWithTimezone -> org.hibernate.type.BasicTypeReference@42a0786f
2023-10-31T09:09:47.569+09:00 DEBUG 84560 --- [    Test worker] org.hibernate.type.BasicTypeRegistry     : Adding type registration OffsetDateTimeWithoutTimezone -> org.hibernate.type.BasicTypeReference@477523ba
2023-10-31T09:09:47.570+09:00 DEBUG 84560 --- [    Test worker] org.hibernate.type.BasicTypeRegistry     : Adding type registration OffsetTime -> org.hibernate.type.BasicTypeReference@203e705e
2023-10-31T09:09:47.570+09:00 DEBUG 84560 --- [    Test worker] org.hibernate.type.BasicTypeRegistry     : Adding type registration java.time.OffsetTime -> org.hibernate.type.BasicTypeReference@203e705e
2023-10-31T09:09:47.570+09:00 DEBUG 84560 --- [    Test worker] org.hibernate.type.BasicTypeRegistry     : Adding type registration OffsetTimeUtc -> org.hibernate.type.BasicTypeReference@78c74647
2023-10-31T09:09:47.570+09:00 DEBUG 84560 --- [    Test worker] org.hibernate.type.BasicTypeRegistry     : Adding type registration OffsetTimeWithTimezone -> org.hibernate.type.BasicTypeReference@39652a30
2023-10-31T09:09:47.570+09:00 DEBUG 84560 --- [    Test worker] org.hibernate.type.BasicTypeRegistry     : Adding type registration OffsetTimeWithoutTimezone -> org.hibernate.type.BasicTypeReference@5763a655
2023-10-31T09:09:47.570+09:00 DEBUG 84560 --- [    Test worker] org.hibernate.type.BasicTypeRegistry     : Adding type registration ZonedDateTime -> org.hibernate.type.BasicTypeReference@40c8067
2023-10-31T09:09:47.570+09:00 DEBUG 84560 --- [    Test worker] org.hibernate.type.BasicTypeRegistry     : Adding type registration java.time.ZonedDateTime -> org.hibernate.type.BasicTypeReference@40c8067
2023-10-31T09:09:47.571+09:00 DEBUG 84560 --- [    Test worker] org.hibernate.type.BasicTypeRegistry     : Adding type registration ZonedDateTimeWithTimezone -> org.hibernate.type.BasicTypeReference@46bb0bdf
2023-10-31T09:09:47.571+09:00 DEBUG 84560 --- [    Test worker] org.hibernate.type.BasicTypeRegistry     : Adding type registration ZonedDateTimeWithoutTimezone -> org.hibernate.type.BasicTypeReference@561f9d92
2023-10-31T09:09:47.571+09:00 DEBUG 84560 --- [    Test worker] org.hibernate.type.BasicTypeRegistry     : Adding type registration date -> org.hibernate.type.BasicTypeReference@1c84d80a
2023-10-31T09:09:47.571+09:00 DEBUG 84560 --- [    Test worker] org.hibernate.type.BasicTypeRegistry     : Adding type registration java.sql.Date -> org.hibernate.type.BasicTypeReference@1c84d80a
2023-10-31T09:09:47.571+09:00 DEBUG 84560 --- [    Test worker] org.hibernate.type.BasicTypeRegistry     : Adding type registration time -> org.hibernate.type.BasicTypeReference@7ceb6c45
2023-10-31T09:09:47.571+09:00 DEBUG 84560 --- [    Test worker] org.hibernate.type.BasicTypeRegistry     : Adding type registration java.sql.Time -> org.hibernate.type.BasicTypeReference@7ceb6c45
2023-10-31T09:09:47.572+09:00 DEBUG 84560 --- [    Test worker] org.hibernate.type.BasicTypeRegistry     : Adding type registration timestamp -> org.hibernate.type.BasicTypeReference@629075f4
2023-10-31T09:09:47.572+09:00 DEBUG 84560 --- [    Test worker] org.hibernate.type.BasicTypeRegistry     : Adding type registration java.sql.Timestamp -> org.hibernate.type.BasicTypeReference@629075f4
2023-10-31T09:09:47.572+09:00 DEBUG 84560 --- [    Test worker] org.hibernate.type.BasicTypeRegistry     : Adding type registration java.util.Date -> org.hibernate.type.BasicTypeReference@629075f4
2023-10-31T09:09:47.572+09:00 DEBUG 84560 --- [    Test worker] org.hibernate.type.BasicTypeRegistry     : Adding type registration calendar -> org.hibernate.type.BasicTypeReference@48499739
2023-10-31T09:09:47.572+09:00 DEBUG 84560 --- [    Test worker] org.hibernate.type.BasicTypeRegistry     : Adding type registration java.util.Calendar -> org.hibernate.type.BasicTypeReference@48499739
2023-10-31T09:09:47.572+09:00 DEBUG 84560 --- [    Test worker] org.hibernate.type.BasicTypeRegistry     : Adding type registration java.util.GregorianCalendar -> org.hibernate.type.BasicTypeReference@48499739
2023-10-31T09:09:47.572+09:00 DEBUG 84560 --- [    Test worker] org.hibernate.type.BasicTypeRegistry     : Adding type registration calendar_date -> org.hibernate.type.BasicTypeReference@723742b2
2023-10-31T09:09:47.572+09:00 DEBUG 84560 --- [    Test worker] org.hibernate.type.BasicTypeRegistry     : Adding type registration calendar_time -> org.hibernate.type.BasicTypeReference@559991f5
2023-10-31T09:09:47.572+09:00 DEBUG 84560 --- [    Test worker] org.hibernate.type.BasicTypeRegistry     : Adding type registration instant -> org.hibernate.type.BasicTypeReference@34c76167
2023-10-31T09:09:47.572+09:00 DEBUG 84560 --- [    Test worker] org.hibernate.type.BasicTypeRegistry     : Adding type registration java.time.Instant -> org.hibernate.type.BasicTypeReference@34c76167
2023-10-31T09:09:47.572+09:00 DEBUG 84560 --- [    Test worker] org.hibernate.type.BasicTypeRegistry     : Adding type registration uuid -> org.hibernate.type.BasicTypeReference@30b3d899
2023-10-31T09:09:47.572+09:00 DEBUG 84560 --- [    Test worker] org.hibernate.type.BasicTypeRegistry     : Adding type registration java.util.UUID -> org.hibernate.type.BasicTypeReference@30b3d899
2023-10-31T09:09:47.572+09:00 DEBUG 84560 --- [    Test worker] org.hibernate.type.BasicTypeRegistry     : Adding type registration pg-uuid -> org.hibernate.type.BasicTypeReference@30b3d899
2023-10-31T09:09:47.573+09:00 DEBUG 84560 --- [    Test worker] org.hibernate.type.BasicTypeRegistry     : Adding type registration uuid-binary -> org.hibernate.type.BasicTypeReference@78d92eef
2023-10-31T09:09:47.573+09:00 DEBUG 84560 --- [    Test worker] org.hibernate.type.BasicTypeRegistry     : Adding type registration uuid-char -> org.hibernate.type.BasicTypeReference@61d60e38
2023-10-31T09:09:47.573+09:00 DEBUG 84560 --- [    Test worker] org.hibernate.type.BasicTypeRegistry     : Adding type registration class -> org.hibernate.type.BasicTypeReference@6e95973c
2023-10-31T09:09:47.573+09:00 DEBUG 84560 --- [    Test worker] org.hibernate.type.BasicTypeRegistry     : Adding type registration java.lang.Class -> org.hibernate.type.BasicTypeReference@6e95973c
2023-10-31T09:09:47.573+09:00 DEBUG 84560 --- [    Test worker] org.hibernate.type.BasicTypeRegistry     : Adding type registration currency -> org.hibernate.type.BasicTypeReference@404ced67
2023-10-31T09:09:47.573+09:00 DEBUG 84560 --- [    Test worker] org.hibernate.type.BasicTypeRegistry     : Adding type registration Currency -> org.hibernate.type.BasicTypeReference@404ced67
2023-10-31T09:09:47.573+09:00 DEBUG 84560 --- [    Test worker] org.hibernate.type.BasicTypeRegistry     : Adding type registration java.util.Currency -> org.hibernate.type.BasicTypeReference@404ced67
2023-10-31T09:09:47.573+09:00 DEBUG 84560 --- [    Test worker] org.hibernate.type.BasicTypeRegistry     : Adding type registration locale -> org.hibernate.type.BasicTypeReference@71531dd7
2023-10-31T09:09:47.573+09:00 DEBUG 84560 --- [    Test worker] org.hibernate.type.BasicTypeRegistry     : Adding type registration java.util.Locale -> org.hibernate.type.BasicTypeReference@71531dd7
2023-10-31T09:09:47.573+09:00 DEBUG 84560 --- [    Test worker] org.hibernate.type.BasicTypeRegistry     : Adding type registration serializable -> org.hibernate.type.BasicTypeReference@20256a0b
2023-10-31T09:09:47.573+09:00 DEBUG 84560 --- [    Test worker] org.hibernate.type.BasicTypeRegistry     : Adding type registration java.io.Serializable -> org.hibernate.type.BasicTypeReference@20256a0b
2023-10-31T09:09:47.573+09:00 DEBUG 84560 --- [    Test worker] org.hibernate.type.BasicTypeRegistry     : Adding type registration timezone -> org.hibernate.type.BasicTypeReference@624b3544
2023-10-31T09:09:47.573+09:00 DEBUG 84560 --- [    Test worker] org.hibernate.type.BasicTypeRegistry     : Adding type registration java.util.TimeZone -> org.hibernate.type.BasicTypeReference@624b3544
2023-10-31T09:09:47.573+09:00 DEBUG 84560 --- [    Test worker] org.hibernate.type.BasicTypeRegistry     : Adding type registration ZoneOffset -> org.hibernate.type.BasicTypeReference@454bcbbf
2023-10-31T09:09:47.573+09:00 DEBUG 84560 --- [    Test worker] org.hibernate.type.BasicTypeRegistry     : Adding type registration java.time.ZoneOffset -> org.hibernate.type.BasicTypeReference@454bcbbf
2023-10-31T09:09:47.574+09:00 DEBUG 84560 --- [    Test worker] org.hibernate.type.BasicTypeRegistry     : Adding type registration url -> org.hibernate.type.BasicTypeReference@2c9fdb64
2023-10-31T09:09:47.574+09:00 DEBUG 84560 --- [    Test worker] org.hibernate.type.BasicTypeRegistry     : Adding type registration java.net.URL -> org.hibernate.type.BasicTypeReference@2c9fdb64
2023-10-31T09:09:47.574+09:00 DEBUG 84560 --- [    Test worker] org.hibernate.type.BasicTypeRegistry     : Adding type registration row_version -> org.hibernate.type.BasicTypeReference@27e199ce
2023-10-31T09:09:47.578+09:00 DEBUG 84560 --- [    Test worker] org.hibernate.type.BasicTypeRegistry     : Adding type registration object -> org.hibernate.type.JavaObjectType@70be89ec
2023-10-31T09:09:47.578+09:00 DEBUG 84560 --- [    Test worker] org.hibernate.type.BasicTypeRegistry     : Adding type registration java.lang.Object -> org.hibernate.type.JavaObjectType@70be89ec
2023-10-31T09:09:47.579+09:00 DEBUG 84560 --- [    Test worker] org.hibernate.type.BasicTypeRegistry     : Adding type registration null -> org.hibernate.type.NullType@1eb85a47
2023-10-31T09:09:47.580+09:00 DEBUG 84560 --- [    Test worker] org.hibernate.type.BasicTypeRegistry     : Adding type registration imm_date -> org.hibernate.type.BasicTypeReference@ca7e37f
2023-10-31T09:09:47.580+09:00 DEBUG 84560 --- [    Test worker] org.hibernate.type.BasicTypeRegistry     : Adding type registration imm_time -> org.hibernate.type.BasicTypeReference@99a8de3
2023-10-31T09:09:47.580+09:00 DEBUG 84560 --- [    Test worker] org.hibernate.type.BasicTypeRegistry     : Adding type registration imm_timestamp -> org.hibernate.type.BasicTypeReference@87f501f
2023-10-31T09:09:47.580+09:00 DEBUG 84560 --- [    Test worker] org.hibernate.type.BasicTypeRegistry     : Adding type registration imm_calendar -> org.hibernate.type.BasicTypeReference@54495935
2023-10-31T09:09:47.580+09:00 DEBUG 84560 --- [    Test worker] org.hibernate.type.BasicTypeRegistry     : Adding type registration imm_calendar_date -> org.hibernate.type.BasicTypeReference@67c6f4d8
2023-10-31T09:09:47.580+09:00 DEBUG 84560 --- [    Test worker] org.hibernate.type.BasicTypeRegistry     : Adding type registration imm_calendar_time -> org.hibernate.type.BasicTypeReference@3a6e9856
2023-10-31T09:09:47.580+09:00 DEBUG 84560 --- [    Test worker] org.hibernate.type.BasicTypeRegistry     : Adding type registration imm_binary -> org.hibernate.type.BasicTypeReference@4863c8ac
2023-10-31T09:09:47.580+09:00 DEBUG 84560 --- [    Test worker] org.hibernate.type.BasicTypeRegistry     : Adding type registration imm_serializable -> org.hibernate.type.BasicTypeReference@56fda064
2023-10-31T09:09:47.612+09:00  INFO 84560 --- [    Test worker] o.h.b.i.BytecodeProviderInitiator        : HHH000021: Bytecode provider name : bytebuddy
2023-10-31T09:09:48.050+09:00  INFO 84560 --- [    Test worker] o.s.o.j.p.SpringPersistenceUnitInfo      : No LoadTimeWeaver setup: ignoring JPA class transformer
2023-10-31T09:09:48.089+09:00  INFO 84560 --- [    Test worker] com.zaxxer.hikari.HikariDataSource       : HikariPool-1 - Starting...
2023-10-31T09:09:48.153+09:00  INFO 84560 --- [    Test worker] com.zaxxer.hikari.pool.HikariPool        : HikariPool-1 - Added connection conn0: url=jdbc:h2:tcp://localhost/~/jpashop user=SA
2023-10-31T09:09:48.154+09:00  INFO 84560 --- [    Test worker] com.zaxxer.hikari.HikariDataSource       : HikariPool-1 - Start completed.
2023-10-31T09:09:48.207+09:00 DEBUG 84560 --- [    Test worker] o.h.t.d.jdbc.spi.JdbcTypeRegistry        : addDescriptor(NCharTypeDescriptor) replaced previous registration(CharTypeDescriptor)
2023-10-31T09:09:48.207+09:00 DEBUG 84560 --- [    Test worker] o.h.t.d.jdbc.spi.JdbcTypeRegistry        : addDescriptor(NVarcharTypeDescriptor) replaced previous registration(VarcharTypeDescriptor)
2023-10-31T09:09:48.208+09:00 DEBUG 84560 --- [    Test worker] o.h.t.d.jdbc.spi.JdbcTypeRegistry        : addDescriptor(LongNVarcharTypeDescriptor) replaced previous registration(LongVarcharTypeDescriptor)
2023-10-31T09:09:48.211+09:00 DEBUG 84560 --- [    Test worker] o.h.t.d.jdbc.spi.JdbcTypeRegistry        : addDescriptor(NClobTypeDescriptor(DEFAULT)) replaced previous registration(ClobTypeDescriptor(DEFAULT))
2023-10-31T09:09:48.211+09:00 DEBUG 84560 --- [    Test worker] o.h.t.d.jdbc.spi.JdbcTypeRegistry        : addDescriptor(2005, ClobTypeDescriptor(STREAM_BINDING)) replaced previous registration(ClobTypeDescriptor(DEFAULT))
2023-10-31T09:09:48.212+09:00 DEBUG 84560 --- [    Test worker] o.h.t.d.jdbc.spi.JdbcTypeRegistry        : addDescriptor(TimestampUtcDescriptor) replaced previous registration(TimestampUtcDescriptor)
2023-10-31T09:09:48.214+09:00 DEBUG 84560 --- [    Test worker] o.h.t.d.jdbc.spi.JdbcTypeRegistry        : addDescriptor(3100, NumericTypeDescriptor) replaced previous registration(org.hibernate.dialect.H2DurationIntervalSecondJdbcType@78eafad)
2023-10-31T09:09:48.217+09:00 DEBUG 84560 --- [    Test worker] o.h.type.spi.TypeConfiguration$Scope     : Scoping TypeConfiguration [org.hibernate.type.spi.TypeConfiguration@202f054f] to MetadataBuildingContext [org.hibernate.boot.internal.MetadataBuildingContextRootImpl@141bb6b8]
2023-10-31T09:09:48.429+09:00  INFO 84560 --- [    Test worker] p6spy                                    : #1698710988429 | took 5ms | statement | connection 1| url jdbc:h2:tcp://localhost/~/jpashop
select * from INFORMATION_SCHEMA.SEQUENCES
select * from INFORMATION_SCHEMA.SEQUENCES;
2023-10-31T09:09:48.443+09:00  INFO 84560 --- [    Test worker] o.h.b.i.BytecodeProviderInitiator        : HHH000021: Bytecode provider name : bytebuddy
2023-10-31T09:09:49.072+09:00  INFO 84560 --- [    Test worker] o.h.e.t.j.p.i.JtaPlatformInitiator       : HHH000490: Using JtaPlatform implementation: [org.hibernate.engine.transaction.jta.platform.internal.NoJtaPlatform]
2023-10-31T09:09:49.072+09:00 DEBUG 84560 --- [    Test worker] o.h.type.spi.TypeConfiguration$Scope     : Scoping TypeConfiguration [org.hibernate.type.spi.TypeConfiguration@202f054f] to SessionFactoryImplementor [org.hibernate.internal.SessionFactoryImpl@6b6606d1]
2023-10-31T09:09:49.084+09:00 DEBUG 84560 --- [    Test worker] org.hibernate.SQL                        : 
    drop table if exists category cascade 
Hibernate: 
    drop table if exists category cascade 
2023-10-31T09:09:49.087+09:00  INFO 84560 --- [    Test worker] p6spy                                    : #1698710989087 | took 0ms | statement | connection 2| url jdbc:h2:tcp://localhost/~/jpashop

    drop table if exists category cascade 

    drop table if exists category cascade ;
2023-10-31T09:09:49.088+09:00 DEBUG 84560 --- [    Test worker] org.hibernate.SQL                        : 
    drop table if exists category_item cascade 
Hibernate: 
    drop table if exists category_item cascade 
2023-10-31T09:09:49.092+09:00  INFO 84560 --- [    Test worker] p6spy                                    : #1698710989092 | took 4ms | statement | connection 2| url jdbc:h2:tcp://localhost/~/jpashop

    drop table if exists category_item cascade 

    drop table if exists category_item cascade ;
2023-10-31T09:09:49.092+09:00 DEBUG 84560 --- [    Test worker] org.hibernate.SQL                        : 
    drop table if exists delivery cascade 
Hibernate: 
    drop table if exists delivery cascade 
2023-10-31T09:09:49.096+09:00  INFO 84560 --- [    Test worker] p6spy                                    : #1698710989096 | took 3ms | statement | connection 2| url jdbc:h2:tcp://localhost/~/jpashop

    drop table if exists delivery cascade 

    drop table if exists delivery cascade ;
2023-10-31T09:09:49.096+09:00 DEBUG 84560 --- [    Test worker] org.hibernate.SQL                        : 
    drop table if exists item cascade 
Hibernate: 
    drop table if exists item cascade 
2023-10-31T09:09:49.099+09:00  INFO 84560 --- [    Test worker] p6spy                                    : #1698710989099 | took 2ms | statement | connection 2| url jdbc:h2:tcp://localhost/~/jpashop

    drop table if exists item cascade 

    drop table if exists item cascade ;
2023-10-31T09:09:49.099+09:00 DEBUG 84560 --- [    Test worker] org.hibernate.SQL                        : 
    drop table if exists member cascade 
Hibernate: 
    drop table if exists member cascade 
2023-10-31T09:09:49.101+09:00  INFO 84560 --- [    Test worker] p6spy                                    : #1698710989101 | took 1ms | statement | connection 2| url jdbc:h2:tcp://localhost/~/jpashop

    drop table if exists member cascade 

    drop table if exists member cascade ;
2023-10-31T09:09:49.101+09:00 DEBUG 84560 --- [    Test worker] org.hibernate.SQL                        : 
    drop table if exists order_item cascade 
Hibernate: 
    drop table if exists order_item cascade 
2023-10-31T09:09:49.108+09:00  INFO 84560 --- [    Test worker] p6spy                                    : #1698710989108 | took 7ms | statement | connection 2| url jdbc:h2:tcp://localhost/~/jpashop

    drop table if exists order_item cascade 

    drop table if exists order_item cascade ;
2023-10-31T09:09:49.109+09:00 DEBUG 84560 --- [    Test worker] org.hibernate.SQL                        : 
    drop table if exists orders cascade 
Hibernate: 
    drop table if exists orders cascade 
2023-10-31T09:09:49.113+09:00  INFO 84560 --- [    Test worker] p6spy                                    : #1698710989113 | took 4ms | statement | connection 2| url jdbc:h2:tcp://localhost/~/jpashop

    drop table if exists orders cascade 

    drop table if exists orders cascade ;
2023-10-31T09:09:49.114+09:00 DEBUG 84560 --- [    Test worker] org.hibernate.SQL                        : 
    drop sequence if exists category_seq
Hibernate: 
    drop sequence if exists category_seq
2023-10-31T09:09:49.117+09:00  INFO 84560 --- [    Test worker] p6spy                                    : #1698710989117 | took 3ms | statement | connection 2| url jdbc:h2:tcp://localhost/~/jpashop

    drop sequence if exists category_seq

    drop sequence if exists category_seq;
2023-10-31T09:09:49.118+09:00 DEBUG 84560 --- [    Test worker] org.hibernate.SQL                        : 
    drop sequence if exists delivery_seq
Hibernate: 
    drop sequence if exists delivery_seq
2023-10-31T09:09:49.120+09:00  INFO 84560 --- [    Test worker] p6spy                                    : #1698710989120 | took 1ms | statement | connection 2| url jdbc:h2:tcp://localhost/~/jpashop

    drop sequence if exists delivery_seq

    drop sequence if exists delivery_seq;
2023-10-31T09:09:49.120+09:00 DEBUG 84560 --- [    Test worker] org.hibernate.SQL                        : 
    drop sequence if exists item_seq
Hibernate: 
    drop sequence if exists item_seq
2023-10-31T09:09:49.121+09:00  INFO 84560 --- [    Test worker] p6spy                                    : #1698710989121 | took 1ms | statement | connection 2| url jdbc:h2:tcp://localhost/~/jpashop

    drop sequence if exists item_seq

    drop sequence if exists item_seq;
2023-10-31T09:09:49.122+09:00 DEBUG 84560 --- [    Test worker] org.hibernate.SQL                        : 
    drop sequence if exists member_seq
Hibernate: 
    drop sequence if exists member_seq
2023-10-31T09:09:49.123+09:00  INFO 84560 --- [    Test worker] p6spy                                    : #1698710989123 | took 0ms | statement | connection 2| url jdbc:h2:tcp://localhost/~/jpashop

    drop sequence if exists member_seq

    drop sequence if exists member_seq;
2023-10-31T09:09:49.123+09:00 DEBUG 84560 --- [    Test worker] org.hibernate.SQL                        : 
    drop sequence if exists order_item_seq
Hibernate: 
    drop sequence if exists order_item_seq
2023-10-31T09:09:49.124+09:00  INFO 84560 --- [    Test worker] p6spy                                    : #1698710989124 | took 0ms | statement | connection 2| url jdbc:h2:tcp://localhost/~/jpashop

    drop sequence if exists order_item_seq

    drop sequence if exists order_item_seq;
2023-10-31T09:09:49.124+09:00 DEBUG 84560 --- [    Test worker] org.hibernate.SQL                        : 
    drop sequence if exists orders_seq
Hibernate: 
    drop sequence if exists orders_seq
2023-10-31T09:09:49.124+09:00  INFO 84560 --- [    Test worker] p6spy                                    : #1698710989124 | took 0ms | statement | connection 2| url jdbc:h2:tcp://localhost/~/jpashop

    drop sequence if exists orders_seq

    drop sequence if exists orders_seq;
2023-10-31T09:09:49.129+09:00 DEBUG 84560 --- [    Test worker] org.hibernate.SQL                        : 
    create sequence category_seq start with 1 increment by 50
Hibernate: 
    create sequence category_seq start with 1 increment by 50
2023-10-31T09:09:49.130+09:00  INFO 84560 --- [    Test worker] p6spy                                    : #1698710989130 | took 0ms | statement | connection 3| url jdbc:h2:tcp://localhost/~/jpashop

    create sequence category_seq start with 1 increment by 50

    create sequence category_seq start with 1 increment by 50;
2023-10-31T09:09:49.130+09:00 DEBUG 84560 --- [    Test worker] org.hibernate.SQL                        : 
    create sequence delivery_seq start with 1 increment by 50
Hibernate: 
    create sequence delivery_seq start with 1 increment by 50
2023-10-31T09:09:49.131+09:00  INFO 84560 --- [    Test worker] p6spy                                    : #1698710989131 | took 0ms | statement | connection 3| url jdbc:h2:tcp://localhost/~/jpashop

    create sequence delivery_seq start with 1 increment by 50

    create sequence delivery_seq start with 1 increment by 50;
2023-10-31T09:09:49.131+09:00 DEBUG 84560 --- [    Test worker] org.hibernate.SQL                        : 
    create sequence item_seq start with 1 increment by 50
Hibernate: 
    create sequence item_seq start with 1 increment by 50
2023-10-31T09:09:49.132+09:00  INFO 84560 --- [    Test worker] p6spy                                    : #1698710989132 | took 0ms | statement | connection 3| url jdbc:h2:tcp://localhost/~/jpashop

    create sequence item_seq start with 1 increment by 50

    create sequence item_seq start with 1 increment by 50;
2023-10-31T09:09:49.132+09:00 DEBUG 84560 --- [    Test worker] org.hibernate.SQL                        : 
    create sequence member_seq start with 1 increment by 50
Hibernate: 
    create sequence member_seq start with 1 increment by 50
2023-10-31T09:09:49.132+09:00  INFO 84560 --- [    Test worker] p6spy                                    : #1698710989132 | took 0ms | statement | connection 3| url jdbc:h2:tcp://localhost/~/jpashop

    create sequence member_seq start with 1 increment by 50

    create sequence member_seq start with 1 increment by 50;
2023-10-31T09:09:49.133+09:00 DEBUG 84560 --- [    Test worker] org.hibernate.SQL                        : 
    create sequence order_item_seq start with 1 increment by 50
Hibernate: 
    create sequence order_item_seq start with 1 increment by 50
2023-10-31T09:09:49.133+09:00  INFO 84560 --- [    Test worker] p6spy                                    : #1698710989133 | took 0ms | statement | connection 3| url jdbc:h2:tcp://localhost/~/jpashop

    create sequence order_item_seq start with 1 increment by 50

    create sequence order_item_seq start with 1 increment by 50;
2023-10-31T09:09:49.133+09:00 DEBUG 84560 --- [    Test worker] org.hibernate.SQL                        : 
    create sequence orders_seq start with 1 increment by 50
Hibernate: 
    create sequence orders_seq start with 1 increment by 50
2023-10-31T09:09:49.134+09:00  INFO 84560 --- [    Test worker] p6spy                                    : #1698710989134 | took 0ms | statement | connection 3| url jdbc:h2:tcp://localhost/~/jpashop

    create sequence orders_seq start with 1 increment by 50

    create sequence orders_seq start with 1 increment by 50;
2023-10-31T09:09:49.136+09:00 DEBUG 84560 --- [    Test worker] org.hibernate.SQL                        : 
    create table category (
        category_id bigint not null,
        parent_id bigint,
        name varchar(255),
        primary key (category_id)
    )
Hibernate: 
    create table category (
        category_id bigint not null,
        parent_id bigint,
        name varchar(255),
        primary key (category_id)
    )
2023-10-31T09:09:49.137+09:00  INFO 84560 --- [    Test worker] p6spy                                    : #1698710989137 | took 0ms | statement | connection 3| url jdbc:h2:tcp://localhost/~/jpashop

    create table category (
        category_id bigint not null,
        parent_id bigint,
        name varchar(255),
        primary key (category_id)
    )

    create table category (
        category_id bigint not null,
        parent_id bigint,
        name varchar(255),
        primary key (category_id)
    );
2023-10-31T09:09:49.137+09:00 DEBUG 84560 --- [    Test worker] org.hibernate.SQL                        : 
    create table category_item (
        category_id bigint not null,
        item_id bigint not null
    )
Hibernate: 
    create table category_item (
        category_id bigint not null,
        item_id bigint not null
    )
2023-10-31T09:09:49.138+09:00  INFO 84560 --- [    Test worker] p6spy                                    : #1698710989138 | took 0ms | statement | connection 3| url jdbc:h2:tcp://localhost/~/jpashop

    create table category_item (
        category_id bigint not null,
        item_id bigint not null
    )

    create table category_item (
        category_id bigint not null,
        item_id bigint not null
    );
2023-10-31T09:09:49.138+09:00 DEBUG 84560 --- [    Test worker] org.hibernate.SQL                        : 
    create table delivery (
        delivery_id bigint not null,
        city varchar(255),
        status varchar(255) check (status in ('READY','COMP')),
        street varchar(255),
        zipcode varchar(255),
        primary key (delivery_id)
    )
Hibernate: 
    create table delivery (
        delivery_id bigint not null,
        city varchar(255),
        status varchar(255) check (status in ('READY','COMP')),
        street varchar(255),
        zipcode varchar(255),
        primary key (delivery_id)
    )
2023-10-31T09:09:49.139+09:00  INFO 84560 --- [    Test worker] p6spy                                    : #1698710989139 | took 0ms | statement | connection 3| url jdbc:h2:tcp://localhost/~/jpashop

    create table delivery (
        delivery_id bigint not null,
        city varchar(255),
        status varchar(255) check (status in ('READY','COMP')),
        street varchar(255),
        zipcode varchar(255),
        primary key (delivery_id)
    )

    create table delivery (
        delivery_id bigint not null,
        city varchar(255),
        status varchar(255) check (status in ('READY','COMP')),
        street varchar(255),
        zipcode varchar(255),
        primary key (delivery_id)
    );
2023-10-31T09:09:49.140+09:00 DEBUG 84560 --- [    Test worker] org.hibernate.SQL                        : 
    create table item (
        price integer not null,
        stock_quantity integer not null,
        item_id bigint not null,
        dtype varchar(31) not null,
        actor varchar(255),
        artist varchar(255),
        author varchar(255),
        director varchar(255),
        etc varchar(255),
        isbn varchar(255),
        name varchar(255),
        primary key (item_id)
    )
Hibernate: 
    create table item (
        price integer not null,
        stock_quantity integer not null,
        item_id bigint not null,
        dtype varchar(31) not null,
        actor varchar(255),
        artist varchar(255),
        author varchar(255),
        director varchar(255),
        etc varchar(255),
        isbn varchar(255),
        name varchar(255),
        primary key (item_id)
    )
2023-10-31T09:09:49.141+09:00  INFO 84560 --- [    Test worker] p6spy                                    : #1698710989141 | took 0ms | statement | connection 3| url jdbc:h2:tcp://localhost/~/jpashop

    create table item (
        price integer not null,
        stock_quantity integer not null,
        item_id bigint not null,
        dtype varchar(31) not null,
        actor varchar(255),
        artist varchar(255),
        author varchar(255),
        director varchar(255),
        etc varchar(255),
        isbn varchar(255),
        name varchar(255),
        primary key (item_id)
    )

    create table item (
        price integer not null,
        stock_quantity integer not null,
        item_id bigint not null,
        dtype varchar(31) not null,
        actor varchar(255),
        artist varchar(255),
        author varchar(255),
        director varchar(255),
        etc varchar(255),
        isbn varchar(255),
        name varchar(255),
        primary key (item_id)
    );
2023-10-31T09:09:49.141+09:00 DEBUG 84560 --- [    Test worker] org.hibernate.SQL                        : 
    create table member (
        member_id bigint not null,
        city varchar(255),
        name varchar(255),
        street varchar(255),
        zipcode varchar(255),
        primary key (member_id)
    )
Hibernate: 
    create table member (
        member_id bigint not null,
        city varchar(255),
        name varchar(255),
        street varchar(255),
        zipcode varchar(255),
        primary key (member_id)
    )
2023-10-31T09:09:49.142+09:00  INFO 84560 --- [    Test worker] p6spy                                    : #1698710989142 | took 0ms | statement | connection 3| url jdbc:h2:tcp://localhost/~/jpashop

    create table member (
        member_id bigint not null,
        city varchar(255),
        name varchar(255),
        street varchar(255),
        zipcode varchar(255),
        primary key (member_id)
    )

    create table member (
        member_id bigint not null,
        city varchar(255),
        name varchar(255),
        street varchar(255),
        zipcode varchar(255),
        primary key (member_id)
    );
2023-10-31T09:09:49.143+09:00 DEBUG 84560 --- [    Test worker] org.hibernate.SQL                        : 
    create table order_item (
        count integer not null,
        order_price integer not null,
        item_id bigint,
        order_id bigint,
        order_item_id bigint not null,
        primary key (order_item_id)
    )
Hibernate: 
    create table order_item (
        count integer not null,
        order_price integer not null,
        item_id bigint,
        order_id bigint,
        order_item_id bigint not null,
        primary key (order_item_id)
    )
2023-10-31T09:09:49.144+09:00  INFO 84560 --- [    Test worker] p6spy                                    : #1698710989144 | took 0ms | statement | connection 3| url jdbc:h2:tcp://localhost/~/jpashop

    create table order_item (
        count integer not null,
        order_price integer not null,
        item_id bigint,
        order_id bigint,
        order_item_id bigint not null,
        primary key (order_item_id)
    )

    create table order_item (
        count integer not null,
        order_price integer not null,
        item_id bigint,
        order_id bigint,
        order_item_id bigint not null,
        primary key (order_item_id)
    );
2023-10-31T09:09:49.145+09:00 DEBUG 84560 --- [    Test worker] org.hibernate.SQL                        : 
    create table orders (
        delivery_id bigint unique,
        member_id bigint,
        order_date timestamp(6),
        order_id bigint not null,
        status varchar(255) check (status in ('ORDER','CANCEL')),
        primary key (order_id)
    )
Hibernate: 
    create table orders (
        delivery_id bigint unique,
        member_id bigint,
        order_date timestamp(6),
        order_id bigint not null,
        status varchar(255) check (status in ('ORDER','CANCEL')),
        primary key (order_id)
    )
2023-10-31T09:09:49.147+09:00  INFO 84560 --- [    Test worker] p6spy                                    : #1698710989147 | took 1ms | statement | connection 3| url jdbc:h2:tcp://localhost/~/jpashop

    create table orders (
        delivery_id bigint unique,
        member_id bigint,
        order_date timestamp(6),
        order_id bigint not null,
        status varchar(255) check (status in ('ORDER','CANCEL')),
        primary key (order_id)
    )

    create table orders (
        delivery_id bigint unique,
        member_id bigint,
        order_date timestamp(6),
        order_id bigint not null,
        status varchar(255) check (status in ('ORDER','CANCEL')),
        primary key (order_id)
    );
2023-10-31T09:09:49.147+09:00 DEBUG 84560 --- [    Test worker] org.hibernate.SQL                        : 
    alter table if exists category 
       add constraint FK2y94svpmqttx80mshyny85wqr 
       foreign key (parent_id) 
       references category
Hibernate: 
    alter table if exists category 
       add constraint FK2y94svpmqttx80mshyny85wqr 
       foreign key (parent_id) 
       references category
2023-10-31T09:09:49.149+09:00  INFO 84560 --- [    Test worker] p6spy                                    : #1698710989149 | took 1ms | statement | connection 3| url jdbc:h2:tcp://localhost/~/jpashop

    alter table if exists category 
       add constraint FK2y94svpmqttx80mshyny85wqr 
       foreign key (parent_id) 
       references category

    alter table if exists category 
       add constraint FK2y94svpmqttx80mshyny85wqr 
       foreign key (parent_id) 
       references category;
2023-10-31T09:09:49.149+09:00 DEBUG 84560 --- [    Test worker] org.hibernate.SQL                        : 
    alter table if exists category_item 
       add constraint FKu8b4lwqutcdq3363gf6mlujq 
       foreign key (item_id) 
       references item
Hibernate: 
    alter table if exists category_item 
       add constraint FKu8b4lwqutcdq3363gf6mlujq 
       foreign key (item_id) 
       references item
2023-10-31T09:09:49.150+09:00  INFO 84560 --- [    Test worker] p6spy                                    : #1698710989150 | took 1ms | statement | connection 3| url jdbc:h2:tcp://localhost/~/jpashop

    alter table if exists category_item 
       add constraint FKu8b4lwqutcdq3363gf6mlujq 
       foreign key (item_id) 
       references item

    alter table if exists category_item 
       add constraint FKu8b4lwqutcdq3363gf6mlujq 
       foreign key (item_id) 
       references item;
2023-10-31T09:09:49.151+09:00 DEBUG 84560 --- [    Test worker] org.hibernate.SQL                        : 
    alter table if exists category_item 
       add constraint FKcq2n0opf5shyh84ex1fhukcbh 
       foreign key (category_id) 
       references category
Hibernate: 
    alter table if exists category_item 
       add constraint FKcq2n0opf5shyh84ex1fhukcbh 
       foreign key (category_id) 
       references category
2023-10-31T09:09:49.152+09:00  INFO 84560 --- [    Test worker] p6spy                                    : #1698710989152 | took 1ms | statement | connection 3| url jdbc:h2:tcp://localhost/~/jpashop

    alter table if exists category_item 
       add constraint FKcq2n0opf5shyh84ex1fhukcbh 
       foreign key (category_id) 
       references category

    alter table if exists category_item 
       add constraint FKcq2n0opf5shyh84ex1fhukcbh 
       foreign key (category_id) 
       references category;
2023-10-31T09:09:49.152+09:00 DEBUG 84560 --- [    Test worker] org.hibernate.SQL                        : 
    alter table if exists order_item 
       add constraint FKija6hjjiit8dprnmvtvgdp6ru 
       foreign key (item_id) 
       references item
Hibernate: 
    alter table if exists order_item 
       add constraint FKija6hjjiit8dprnmvtvgdp6ru 
       foreign key (item_id) 
       references item
2023-10-31T09:09:49.153+09:00  INFO 84560 --- [    Test worker] p6spy                                    : #1698710989153 | took 0ms | statement | connection 3| url jdbc:h2:tcp://localhost/~/jpashop

    alter table if exists order_item 
       add constraint FKija6hjjiit8dprnmvtvgdp6ru 
       foreign key (item_id) 
       references item

    alter table if exists order_item 
       add constraint FKija6hjjiit8dprnmvtvgdp6ru 
       foreign key (item_id) 
       references item;
2023-10-31T09:09:49.154+09:00 DEBUG 84560 --- [    Test worker] org.hibernate.SQL                        : 
    alter table if exists order_item 
       add constraint FKt4dc2r9nbvbujrljv3e23iibt 
       foreign key (order_id) 
       references orders
Hibernate: 
    alter table if exists order_item 
       add constraint FKt4dc2r9nbvbujrljv3e23iibt 
       foreign key (order_id) 
       references orders
2023-10-31T09:09:49.155+09:00  INFO 84560 --- [    Test worker] p6spy                                    : #1698710989155 | took 1ms | statement | connection 3| url jdbc:h2:tcp://localhost/~/jpashop

    alter table if exists order_item 
       add constraint FKt4dc2r9nbvbujrljv3e23iibt 
       foreign key (order_id) 
       references orders

    alter table if exists order_item 
       add constraint FKt4dc2r9nbvbujrljv3e23iibt 
       foreign key (order_id) 
       references orders;
2023-10-31T09:09:49.155+09:00 DEBUG 84560 --- [    Test worker] org.hibernate.SQL                        : 
    alter table if exists orders 
       add constraint FKtkrur7wg4d8ax0pwgo0vmy20c 
       foreign key (delivery_id) 
       references delivery
Hibernate: 
    alter table if exists orders 
       add constraint FKtkrur7wg4d8ax0pwgo0vmy20c 
       foreign key (delivery_id) 
       references delivery
2023-10-31T09:09:49.156+09:00  INFO 84560 --- [    Test worker] p6spy                                    : #1698710989156 | took 0ms | statement | connection 3| url jdbc:h2:tcp://localhost/~/jpashop

    alter table if exists orders 
       add constraint FKtkrur7wg4d8ax0pwgo0vmy20c 
       foreign key (delivery_id) 
       references delivery

    alter table if exists orders 
       add constraint FKtkrur7wg4d8ax0pwgo0vmy20c 
       foreign key (delivery_id) 
       references delivery;
2023-10-31T09:09:49.157+09:00 DEBUG 84560 --- [    Test worker] org.hibernate.SQL                        : 
    alter table if exists orders 
       add constraint FKpktxwhj3x9m4gth5ff6bkqgeb 
       foreign key (member_id) 
       references member
Hibernate: 
    alter table if exists orders 
       add constraint FKpktxwhj3x9m4gth5ff6bkqgeb 
       foreign key (member_id) 
       references member
2023-10-31T09:09:49.158+09:00  INFO 84560 --- [    Test worker] p6spy                                    : #1698710989158 | took 0ms | statement | connection 3| url jdbc:h2:tcp://localhost/~/jpashop

    alter table if exists orders 
       add constraint FKpktxwhj3x9m4gth5ff6bkqgeb 
       foreign key (member_id) 
       references member

    alter table if exists orders 
       add constraint FKpktxwhj3x9m4gth5ff6bkqgeb 
       foreign key (member_id) 
       references member;
2023-10-31T09:09:49.160+09:00 TRACE 84560 --- [    Test worker] o.h.type.spi.TypeConfiguration$Scope     : Handling #sessionFactoryCreated from [org.hibernate.internal.SessionFactoryImpl@6b6606d1] for TypeConfiguration
2023-10-31T09:09:49.160+09:00  INFO 84560 --- [    Test worker] j.LocalContainerEntityManagerFactoryBean : Initialized JPA EntityManagerFactory for persistence unit 'default'
2023-10-31T09:09:49.381+09:00  WARN 84560 --- [    Test worker] JpaBaseConfiguration$JpaWebConfiguration : spring.jpa.open-in-view is enabled by default. Therefore, database queries may be performed during view rendering. Explicitly configure spring.jpa.open-in-view to disable this warning
2023-10-31T09:09:49.732+09:00  INFO 84560 --- [    Test worker] j.jpashop.JpashopApplicationTests        : Started JpashopApplicationTests in 3.935 seconds (process running for 5.063)
]]></system-out>
  <system-err><![CDATA[]]></system-err>
</testsuite>
